[0.125s] Invoking command in '/home/zheka/Fleet-Management-System/ros2_ws/build/action_interfaces': CMAKE_PREFIX_PATH=/opt/ros/humble /usr/bin/cmake --build /home/zheka/Fleet-Management-System/ros2_ws/build/action_interfaces -- -j4 -l4
[0.325s] [  3%] Built target action_interfaces__cpp
[0.325s] [ 12%] Built target action_interfaces__rosidl_generator_c
[0.325s] [ 12%] Built target ament_cmake_python_copy_action_interfaces
[0.326s] [ 25%] Built target action_interfaces__rosidl_typesupport_cpp
[0.326s] [ 32%] Built target action_interfaces__rosidl_typesupport_fastrtps_cpp
[0.326s] [ 41%] Built target action_interfaces__rosidl_typesupport_introspection_cpp
[0.326s] [ 51%] Built target action_interfaces__rosidl_typesupport_fastrtps_c
[0.326s] [ 61%] Built target action_interfaces__rosidl_typesupport_introspection_c
[0.326s] [ 70%] Built target action_interfaces__rosidl_typesupport_c
[0.326s] [ 70%] Built target action_interfaces
[0.326s] [ 74%] Built target action_interfaces__py
[0.331s] [ 80%] Built target action_interfaces__rosidl_generator_py
[0.369s] [ 87%] Built target action_interfaces__rosidl_typesupport_fastrtps_c__pyext
[0.375s] [ 93%] Built target action_interfaces__rosidl_typesupport_c__pyext
[0.385s] [100%] Built target action_interfaces__rosidl_typesupport_introspection_c__pyext
[0.448s] running egg_info
[0.448s] writing action_interfaces.egg-info/PKG-INFO
[0.449s] writing dependency_links to action_interfaces.egg-info/dependency_links.txt
[0.449s] writing top-level names to action_interfaces.egg-info/top_level.txt
[0.450s] reading manifest file 'action_interfaces.egg-info/SOURCES.txt'
[0.451s] writing manifest file 'action_interfaces.egg-info/SOURCES.txt'
[0.473s] [100%] Built target ament_cmake_python_build_action_interfaces_egg
