running egg_info
writing ../../build/fleet_management/fleet_management.egg-info/PKG-INFO
writing dependency_links to ../../build/fleet_management/fleet_management.egg-info/dependency_links.txt
writing entry points to ../../build/fleet_management/fleet_management.egg-info/entry_points.txt
writing requirements to ../../build/fleet_management/fleet_management.egg-info/requires.txt
writing top-level names to ../../build/fleet_management/fleet_management.egg-info/top_level.txt
reading manifest file '../../build/fleet_management/fleet_management.egg-info/SOURCES.txt'
writing manifest file '../../build/fleet_management/fleet_management.egg-info/SOURCES.txt'
running build
running build_py
running install
/usr/lib/python3/dist-packages/setuptools/command/install.py:34: SetuptoolsDeprecationWarning: setup.py install is deprecated. Use build and pip and other standards-based tools.
  warnings.warn(
running install_lib
running install_data
copying launch/server_client_launch.py -> /home/zheka/Fleet-Management-System/ros2_ws/install/fleet_management/share/fleet_management/launch
running install_egg_info
removing '/home/zheka/Fleet-Management-System/ros2_ws/install/fleet_management/lib/python3.10/site-packages/fleet_management-0.0.0-py3.10.egg-info' (and everything under it)
Copying ../../build/fleet_management/fleet_management.egg-info to /home/zheka/Fleet-Management-System/ros2_ws/install/fleet_management/lib/python3.10/site-packages/fleet_management-0.0.0-py3.10.egg-info
running install_scripts
Installing client script to /home/zheka/Fleet-Management-System/ros2_ws/install/fleet_management/lib/fleet_management
Installing server script to /home/zheka/Fleet-Management-System/ros2_ws/install/fleet_management/lib/fleet_management
writing list of installed files to '/home/zheka/Fleet-Management-System/ros2_ws/build/fleet_management/install.log'
