[0.039s] Invoking command in '/home/zheka/Fleet-Management-System/ros2_ws/build/action_interfaces': CMAKE_PREFIX_PATH=/opt/ros/humble /usr/bin/cmake --build /home/zheka/Fleet-Management-System/ros2_ws/build/action_interfaces -- -j4 -l4
[0.059s] -- Found ament_cmake: 1.3.5 (/opt/ros/humble/share/ament_cmake/cmake)
[0.166s] -- Found ament_lint_auto: 0.12.8 (/opt/ros/humble/share/ament_lint_auto/cmake)
[0.216s] -- Found rosidl_default_generators: 1.2.0 (/opt/ros/humble/share/rosidl_default_generators/cmake)
[0.217s] -- Using all available rosidl_typesupport_c: rosidl_typesupport_fastrtps_c;rosidl_typesupport_introspection_c
[0.219s] -- Found rosidl_adapter: 3.1.5 (/opt/ros/humble/share/rosidl_adapter/cmake)
[0.244s] -- Using all available rosidl_typesupport_cpp: rosidl_typesupport_fastrtps_cpp;rosidl_typesupport_introspection_cpp
[0.496s] -- Found ament_cmake_ros: 0.10.0 (/opt/ros/humble/share/ament_cmake_ros/cmake)
[0.655s] -- Using all available rosidl_typesupport_c: rosidl_typesupport_fastrtps_c;rosidl_typesupport_introspection_c
[0.857s] -- Using all available rosidl_typesupport_cpp: rosidl_typesupport_fastrtps_cpp;rosidl_typesupport_introspection_cpp
[0.874s] -- Found python_cmake_module: 0.10.0 (/opt/ros/humble/share/python_cmake_module/cmake)
[0.892s] -- Using PYTHON_EXECUTABLE: /usr/bin/python3
[0.892s] -- Using PYTHON_INCLUDE_DIRS: /usr/include/python3.10
[0.892s] -- Using PYTHON_LIBRARIES: /usr/lib/x86_64-linux-gnu/libpython3.10.so
[0.910s] -- Added test 'lint_cmake' to check CMake code style
[0.911s] -- Added test 'xmllint' to check XML markup files
[0.913s] -- Configuring done
[0.945s] -- Generating done
[0.949s] -- Build files have been written to: /home/zheka/Fleet-Management-System/ros2_ws/build/action_interfaces
[0.970s] [35m[1mConsolidate compiler generated dependencies of target action_interfaces__rosidl_generator_c[0m
[0.980s] [  3%] Built target action_interfaces__cpp
[0.983s] [ 12%] Built target action_interfaces__rosidl_generator_c
[0.989s] [ 12%] Built target ament_cmake_python_copy_action_interfaces
[0.990s] [35m[1mConsolidate compiler generated dependencies of target action_interfaces__rosidl_typesupport_introspection_cpp[0m
[0.991s] [35m[1mConsolidate compiler generated dependencies of target action_interfaces__rosidl_typesupport_fastrtps_cpp[0m
[0.998s] [35m[1mConsolidate compiler generated dependencies of target action_interfaces__rosidl_typesupport_cpp[0m
[1.003s] [35m[1mConsolidate compiler generated dependencies of target action_interfaces__rosidl_typesupport_fastrtps_c[0m
[1.005s] [ 22%] Built target action_interfaces__rosidl_typesupport_introspection_cpp
[1.006s] [ 32%] Built target action_interfaces__rosidl_typesupport_fastrtps_cpp
[1.013s] [ 41%] Built target action_interfaces__rosidl_typesupport_cpp
[1.014s] [35m[1mConsolidate compiler generated dependencies of target action_interfaces__rosidl_typesupport_introspection_c[0m
[1.019s] [ 51%] Built target action_interfaces__rosidl_typesupport_fastrtps_c
[1.022s] [35m[1mConsolidate compiler generated dependencies of target action_interfaces__rosidl_typesupport_c[0m
[1.026s] [ 61%] Built target action_interfaces__rosidl_typesupport_introspection_c
[1.034s] [ 70%] Built target action_interfaces__rosidl_typesupport_c
[1.054s] [ 70%] Built target action_interfaces
[1.073s] [ 74%] Built target action_interfaces__py
[1.084s] [35m[1mConsolidate compiler generated dependencies of target action_interfaces__rosidl_generator_py[0m
[1.095s] [ 80%] Built target action_interfaces__rosidl_generator_py
[1.105s] [35m[1mConsolidate compiler generated dependencies of target action_interfaces__rosidl_typesupport_c__pyext[0m
[1.105s] [35m[1mConsolidate compiler generated dependencies of target action_interfaces__rosidl_typesupport_fastrtps_c__pyext[0m
[1.105s] [35m[1mConsolidate compiler generated dependencies of target action_interfaces__rosidl_typesupport_introspection_c__pyext[0m
[1.116s] [ 87%] Built target action_interfaces__rosidl_typesupport_fastrtps_c__pyext
[1.117s] [ 93%] Built target action_interfaces__rosidl_typesupport_c__pyext
[1.119s] [100%] Built target action_interfaces__rosidl_typesupport_introspection_c__pyext
[1.212s] running egg_info
[1.212s] writing action_interfaces.egg-info/PKG-INFO
[1.213s] writing dependency_links to action_interfaces.egg-info/dependency_links.txt
[1.213s] writing top-level names to action_interfaces.egg-info/top_level.txt
[1.215s] reading manifest file 'action_interfaces.egg-info/SOURCES.txt'
[1.215s] writing manifest file 'action_interfaces.egg-info/SOURCES.txt'
[1.237s] [100%] Built target ament_cmake_python_build_action_interfaces_egg
[1.248s] Invoked command in '/home/zheka/Fleet-Management-System/ros2_ws/build/action_interfaces' returned '0': CMAKE_PREFIX_PATH=/opt/ros/humble /usr/bin/cmake --build /home/zheka/Fleet-Management-System/ros2_ws/build/action_interfaces -- -j4 -l4
[1.302s] Invoking command in '/home/zheka/Fleet-Management-System/ros2_ws/build/action_interfaces': CMAKE_PREFIX_PATH=/opt/ros/humble /usr/bin/cmake --install /home/zheka/Fleet-Management-System/ros2_ws/build/action_interfaces
[1.309s] -- Install configuration: ""
[1.309s] -- Up-to-date: /home/zheka/Fleet-Management-System/ros2_ws/install/action_interfaces/share/ament_index/resource_index/rosidl_interfaces/action_interfaces
[1.309s] -- Up-to-date: /home/zheka/Fleet-Management-System/ros2_ws/install/action_interfaces/include/action_interfaces/action_interfaces
[1.309s] -- Up-to-date: /home/zheka/Fleet-Management-System/ros2_ws/install/action_interfaces/include/action_interfaces/action_interfaces/action
[1.310s] -- Up-to-date: /home/zheka/Fleet-Management-System/ros2_ws/install/action_interfaces/include/action_interfaces/action_interfaces/action/detail
[1.310s] -- Up-to-date: /home/zheka/Fleet-Management-System/ros2_ws/install/action_interfaces/include/action_interfaces/action_interfaces/action/detail/fleet_management__type_support.h
[1.310s] -- Up-to-date: /home/zheka/Fleet-Management-System/ros2_ws/install/action_interfaces/include/action_interfaces/action_interfaces/action/detail/fleet_management__functions.h
[1.310s] -- Up-to-date: /home/zheka/Fleet-Management-System/ros2_ws/install/action_interfaces/include/action_interfaces/action_interfaces/action/detail/fleet_management__struct.h
[1.310s] -- Up-to-date: /home/zheka/Fleet-Management-System/ros2_ws/install/action_interfaces/include/action_interfaces/action_interfaces/action/detail/fleet_management__functions.c
[1.310s] -- Up-to-date: /home/zheka/Fleet-Management-System/ros2_ws/install/action_interfaces/include/action_interfaces/action_interfaces/action/fleet_management.h
[1.310s] -- Up-to-date: /home/zheka/Fleet-Management-System/ros2_ws/install/action_interfaces/include/action_interfaces/action_interfaces/msg
[1.310s] -- Up-to-date: /home/zheka/Fleet-Management-System/ros2_ws/install/action_interfaces/include/action_interfaces/action_interfaces/msg/rosidl_generator_c__visibility_control.h
[1.311s] -- Up-to-date: /home/zheka/Fleet-Management-System/ros2_ws/install/action_interfaces/share/action_interfaces/environment/library_path.sh
[1.311s] -- Installing: /home/zheka/Fleet-Management-System/ros2_ws/install/action_interfaces/share/action_interfaces/environment/library_path.dsv
[1.311s] -- Up-to-date: /home/zheka/Fleet-Management-System/ros2_ws/install/action_interfaces/lib/libaction_interfaces__rosidl_generator_c.so
[1.311s] -- Up-to-date: /home/zheka/Fleet-Management-System/ros2_ws/install/action_interfaces/include/action_interfaces/action_interfaces
[1.311s] -- Up-to-date: /home/zheka/Fleet-Management-System/ros2_ws/install/action_interfaces/include/action_interfaces/action_interfaces/action
[1.311s] -- Up-to-date: /home/zheka/Fleet-Management-System/ros2_ws/install/action_interfaces/include/action_interfaces/action_interfaces/action/detail
[1.311s] -- Up-to-date: /home/zheka/Fleet-Management-System/ros2_ws/install/action_interfaces/include/action_interfaces/action_interfaces/action/detail/fleet_management__rosidl_typesupport_fastrtps_c.h
[1.311s] -- Up-to-date: /home/zheka/Fleet-Management-System/ros2_ws/install/action_interfaces/include/action_interfaces/action_interfaces/msg
[1.311s] -- Up-to-date: /home/zheka/Fleet-Management-System/ros2_ws/install/action_interfaces/include/action_interfaces/action_interfaces/msg/rosidl_typesupport_fastrtps_c__visibility_control.h
[1.311s] -- Up-to-date: /home/zheka/Fleet-Management-System/ros2_ws/install/action_interfaces/lib/libaction_interfaces__rosidl_typesupport_fastrtps_c.so
[1.311s] -- Up-to-date: /home/zheka/Fleet-Management-System/ros2_ws/install/action_interfaces/include/action_interfaces/action_interfaces
[1.311s] -- Up-to-date: /home/zheka/Fleet-Management-System/ros2_ws/install/action_interfaces/include/action_interfaces/action_interfaces/action
[1.312s] -- Up-to-date: /home/zheka/Fleet-Management-System/ros2_ws/install/action_interfaces/include/action_interfaces/action_interfaces/action/detail
[1.312s] -- Up-to-date: /home/zheka/Fleet-Management-System/ros2_ws/install/action_interfaces/include/action_interfaces/action_interfaces/action/detail/fleet_management__type_support.c
[1.312s] -- Up-to-date: /home/zheka/Fleet-Management-System/ros2_ws/install/action_interfaces/include/action_interfaces/action_interfaces/action/detail/fleet_management__rosidl_typesupport_introspection_c.h
[1.312s] -- Up-to-date: /home/zheka/Fleet-Management-System/ros2_ws/install/action_interfaces/include/action_interfaces/action_interfaces/msg
[1.312s] -- Up-to-date: /home/zheka/Fleet-Management-System/ros2_ws/install/action_interfaces/include/action_interfaces/action_interfaces/msg/rosidl_typesupport_introspection_c__visibility_control.h
[1.312s] -- Up-to-date: /home/zheka/Fleet-Management-System/ros2_ws/install/action_interfaces/lib/libaction_interfaces__rosidl_typesupport_introspection_c.so
[1.312s] -- Up-to-date: /home/zheka/Fleet-Management-System/ros2_ws/install/action_interfaces/lib/libaction_interfaces__rosidl_typesupport_c.so
[1.312s] -- Up-to-date: /home/zheka/Fleet-Management-System/ros2_ws/install/action_interfaces/include/action_interfaces/action_interfaces
[1.313s] -- Up-to-date: /home/zheka/Fleet-Management-System/ros2_ws/install/action_interfaces/include/action_interfaces/action_interfaces/action
[1.313s] -- Up-to-date: /home/zheka/Fleet-Management-System/ros2_ws/install/action_interfaces/include/action_interfaces/action_interfaces/action/detail
[1.313s] -- Up-to-date: /home/zheka/Fleet-Management-System/ros2_ws/install/action_interfaces/include/action_interfaces/action_interfaces/action/detail/fleet_management__traits.hpp
[1.313s] -- Up-to-date: /home/zheka/Fleet-Management-System/ros2_ws/install/action_interfaces/include/action_interfaces/action_interfaces/action/detail/fleet_management__builder.hpp
[1.313s] -- Up-to-date: /home/zheka/Fleet-Management-System/ros2_ws/install/action_interfaces/include/action_interfaces/action_interfaces/action/detail/fleet_management__struct.hpp
[1.313s] -- Up-to-date: /home/zheka/Fleet-Management-System/ros2_ws/install/action_interfaces/include/action_interfaces/action_interfaces/action/fleet_management.hpp
[1.313s] -- Up-to-date: /home/zheka/Fleet-Management-System/ros2_ws/install/action_interfaces/include/action_interfaces/action_interfaces
[1.313s] -- Up-to-date: /home/zheka/Fleet-Management-System/ros2_ws/install/action_interfaces/include/action_interfaces/action_interfaces/action
[1.313s] -- Up-to-date: /home/zheka/Fleet-Management-System/ros2_ws/install/action_interfaces/include/action_interfaces/action_interfaces/action/detail
[1.313s] -- Up-to-date: /home/zheka/Fleet-Management-System/ros2_ws/install/action_interfaces/include/action_interfaces/action_interfaces/action/detail/fleet_management__rosidl_typesupport_fastrtps_cpp.hpp
[1.313s] -- Up-to-date: /home/zheka/Fleet-Management-System/ros2_ws/install/action_interfaces/include/action_interfaces/action_interfaces/action/detail/dds_fastrtps
[1.313s] -- Up-to-date: /home/zheka/Fleet-Management-System/ros2_ws/install/action_interfaces/include/action_interfaces/action_interfaces/msg
[1.313s] -- Up-to-date: /home/zheka/Fleet-Management-System/ros2_ws/install/action_interfaces/include/action_interfaces/action_interfaces/msg/rosidl_typesupport_fastrtps_cpp__visibility_control.h
[1.313s] -- Up-to-date: /home/zheka/Fleet-Management-System/ros2_ws/install/action_interfaces/lib/libaction_interfaces__rosidl_typesupport_fastrtps_cpp.so
[1.313s] -- Up-to-date: /home/zheka/Fleet-Management-System/ros2_ws/install/action_interfaces/include/action_interfaces/action_interfaces
[1.313s] -- Up-to-date: /home/zheka/Fleet-Management-System/ros2_ws/install/action_interfaces/include/action_interfaces/action_interfaces/action
[1.313s] -- Up-to-date: /home/zheka/Fleet-Management-System/ros2_ws/install/action_interfaces/include/action_interfaces/action_interfaces/action/detail
[1.313s] -- Up-to-date: /home/zheka/Fleet-Management-System/ros2_ws/install/action_interfaces/include/action_interfaces/action_interfaces/action/detail/fleet_management__type_support.cpp
[1.313s] -- Up-to-date: /home/zheka/Fleet-Management-System/ros2_ws/install/action_interfaces/include/action_interfaces/action_interfaces/action/detail/fleet_management__rosidl_typesupport_introspection_cpp.hpp
[1.314s] -- Up-to-date: /home/zheka/Fleet-Management-System/ros2_ws/install/action_interfaces/lib/libaction_interfaces__rosidl_typesupport_introspection_cpp.so
[1.314s] -- Up-to-date: /home/zheka/Fleet-Management-System/ros2_ws/install/action_interfaces/lib/libaction_interfaces__rosidl_typesupport_cpp.so
[1.314s] -- Up-to-date: /home/zheka/Fleet-Management-System/ros2_ws/install/action_interfaces/share/action_interfaces/environment/pythonpath.sh
[1.314s] -- Installing: /home/zheka/Fleet-Management-System/ros2_ws/install/action_interfaces/share/action_interfaces/environment/pythonpath.dsv
[1.314s] -- Up-to-date: /home/zheka/Fleet-Management-System/ros2_ws/install/action_interfaces/local/lib/python3.10/dist-packages/action_interfaces-0.0.0-py3.10.egg-info
[1.314s] -- Installing: /home/zheka/Fleet-Management-System/ros2_ws/install/action_interfaces/local/lib/python3.10/dist-packages/action_interfaces-0.0.0-py3.10.egg-info/PKG-INFO
[1.314s] -- Installing: /home/zheka/Fleet-Management-System/ros2_ws/install/action_interfaces/local/lib/python3.10/dist-packages/action_interfaces-0.0.0-py3.10.egg-info/SOURCES.txt
[1.314s] -- Installing: /home/zheka/Fleet-Management-System/ros2_ws/install/action_interfaces/local/lib/python3.10/dist-packages/action_interfaces-0.0.0-py3.10.egg-info/top_level.txt
[1.314s] -- Installing: /home/zheka/Fleet-Management-System/ros2_ws/install/action_interfaces/local/lib/python3.10/dist-packages/action_interfaces-0.0.0-py3.10.egg-info/dependency_links.txt
[1.315s] -- Up-to-date: /home/zheka/Fleet-Management-System/ros2_ws/install/action_interfaces/local/lib/python3.10/dist-packages/action_interfaces
[1.315s] -- Installing: /home/zheka/Fleet-Management-System/ros2_ws/install/action_interfaces/local/lib/python3.10/dist-packages/action_interfaces/__init__.py
[1.315s] -- Up-to-date: /home/zheka/Fleet-Management-System/ros2_ws/install/action_interfaces/local/lib/python3.10/dist-packages/action_interfaces/libaction_interfaces__rosidl_generator_py.so
[1.315s] -- Up-to-date: /home/zheka/Fleet-Management-System/ros2_ws/install/action_interfaces/local/lib/python3.10/dist-packages/action_interfaces/_action_interfaces_s.ep.rosidl_typesupport_fastrtps_c.c
[1.315s] -- Up-to-date: /home/zheka/Fleet-Management-System/ros2_ws/install/action_interfaces/local/lib/python3.10/dist-packages/action_interfaces/action
[1.315s] -- Up-to-date: /home/zheka/Fleet-Management-System/ros2_ws/install/action_interfaces/local/lib/python3.10/dist-packages/action_interfaces/action/__init__.py
[1.315s] -- Up-to-date: /home/zheka/Fleet-Management-System/ros2_ws/install/action_interfaces/local/lib/python3.10/dist-packages/action_interfaces/action/_fleet_management.py
[1.315s] -- Up-to-date: /home/zheka/Fleet-Management-System/ros2_ws/install/action_interfaces/local/lib/python3.10/dist-packages/action_interfaces/action/_fleet_management_s.c
[1.315s] -- Up-to-date: /home/zheka/Fleet-Management-System/ros2_ws/install/action_interfaces/local/lib/python3.10/dist-packages/action_interfaces/_action_interfaces_s.ep.rosidl_typesupport_introspection_c.c
[1.315s] -- Up-to-date: /home/zheka/Fleet-Management-System/ros2_ws/install/action_interfaces/local/lib/python3.10/dist-packages/action_interfaces/action_interfaces_s__rosidl_typesupport_introspection_c.cpython-310-x86_64-linux-gnu.so
[1.315s] -- Up-to-date: /home/zheka/Fleet-Management-System/ros2_ws/install/action_interfaces/local/lib/python3.10/dist-packages/action_interfaces/action_interfaces_s__rosidl_typesupport_fastrtps_c.cpython-310-x86_64-linux-gnu.so
[1.316s] -- Up-to-date: /home/zheka/Fleet-Management-System/ros2_ws/install/action_interfaces/local/lib/python3.10/dist-packages/action_interfaces/action_interfaces_s__rosidl_typesupport_c.cpython-310-x86_64-linux-gnu.so
[1.316s] -- Up-to-date: /home/zheka/Fleet-Management-System/ros2_ws/install/action_interfaces/local/lib/python3.10/dist-packages/action_interfaces/_action_interfaces_s.ep.rosidl_typesupport_c.c
[1.337s] Listing '/home/zheka/Fleet-Management-System/ros2_ws/install/action_interfaces/local/lib/python3.10/dist-packages/action_interfaces'...
[1.337s] Compiling '/home/zheka/Fleet-Management-System/ros2_ws/install/action_interfaces/local/lib/python3.10/dist-packages/action_interfaces/__init__.py'...
[1.338s] Listing '/home/zheka/Fleet-Management-System/ros2_ws/install/action_interfaces/local/lib/python3.10/dist-packages/action_interfaces/action'...
[1.341s] -- Up-to-date: /home/zheka/Fleet-Management-System/ros2_ws/install/action_interfaces/local/lib/python3.10/dist-packages/action_interfaces/action_interfaces_s__rosidl_typesupport_fastrtps_c.cpython-310-x86_64-linux-gnu.so
[1.341s] -- Up-to-date: /home/zheka/Fleet-Management-System/ros2_ws/install/action_interfaces/local/lib/python3.10/dist-packages/action_interfaces/action_interfaces_s__rosidl_typesupport_introspection_c.cpython-310-x86_64-linux-gnu.so
[1.341s] -- Up-to-date: /home/zheka/Fleet-Management-System/ros2_ws/install/action_interfaces/local/lib/python3.10/dist-packages/action_interfaces/action_interfaces_s__rosidl_typesupport_c.cpython-310-x86_64-linux-gnu.so
[1.341s] -- Up-to-date: /home/zheka/Fleet-Management-System/ros2_ws/install/action_interfaces/lib/libaction_interfaces__rosidl_generator_py.so
[1.342s] -- Up-to-date: /home/zheka/Fleet-Management-System/ros2_ws/install/action_interfaces/share/action_interfaces/action/FleetManagement.idl
[1.342s] -- Up-to-date: /home/zheka/Fleet-Management-System/ros2_ws/install/action_interfaces/share/action_interfaces/action/FleetManagement.action
[1.342s] -- Up-to-date: /home/zheka/Fleet-Management-System/ros2_ws/install/action_interfaces/share/ament_index/resource_index/package_run_dependencies/action_interfaces
[1.342s] -- Up-to-date: /home/zheka/Fleet-Management-System/ros2_ws/install/action_interfaces/share/ament_index/resource_index/parent_prefix_path/action_interfaces
[1.342s] -- Up-to-date: /home/zheka/Fleet-Management-System/ros2_ws/install/action_interfaces/share/action_interfaces/environment/ament_prefix_path.sh
[1.342s] -- Installing: /home/zheka/Fleet-Management-System/ros2_ws/install/action_interfaces/share/action_interfaces/environment/ament_prefix_path.dsv
[1.342s] -- Up-to-date: /home/zheka/Fleet-Management-System/ros2_ws/install/action_interfaces/share/action_interfaces/environment/path.sh
[1.342s] -- Installing: /home/zheka/Fleet-Management-System/ros2_ws/install/action_interfaces/share/action_interfaces/environment/path.dsv
[1.342s] -- Up-to-date: /home/zheka/Fleet-Management-System/ros2_ws/install/action_interfaces/share/action_interfaces/local_setup.bash
[1.342s] -- Up-to-date: /home/zheka/Fleet-Management-System/ros2_ws/install/action_interfaces/share/action_interfaces/local_setup.sh
[1.342s] -- Up-to-date: /home/zheka/Fleet-Management-System/ros2_ws/install/action_interfaces/share/action_interfaces/local_setup.zsh
[1.342s] -- Installing: /home/zheka/Fleet-Management-System/ros2_ws/install/action_interfaces/share/action_interfaces/local_setup.dsv
[1.343s] -- Installing: /home/zheka/Fleet-Management-System/ros2_ws/install/action_interfaces/share/action_interfaces/package.dsv
[1.343s] -- Up-to-date: /home/zheka/Fleet-Management-System/ros2_ws/install/action_interfaces/share/ament_index/resource_index/packages/action_interfaces
[1.343s] -- Up-to-date: /home/zheka/Fleet-Management-System/ros2_ws/install/action_interfaces/share/action_interfaces/cmake/export_action_interfaces__rosidl_generator_cExport.cmake
[1.343s] -- Up-to-date: /home/zheka/Fleet-Management-System/ros2_ws/install/action_interfaces/share/action_interfaces/cmake/export_action_interfaces__rosidl_generator_cExport-noconfig.cmake
[1.343s] -- Up-to-date: /home/zheka/Fleet-Management-System/ros2_ws/install/action_interfaces/share/action_interfaces/cmake/export_action_interfaces__rosidl_typesupport_fastrtps_cExport.cmake
[1.343s] -- Up-to-date: /home/zheka/Fleet-Management-System/ros2_ws/install/action_interfaces/share/action_interfaces/cmake/export_action_interfaces__rosidl_typesupport_fastrtps_cExport-noconfig.cmake
[1.343s] -- Up-to-date: /home/zheka/Fleet-Management-System/ros2_ws/install/action_interfaces/share/action_interfaces/cmake/action_interfaces__rosidl_typesupport_introspection_cExport.cmake
[1.343s] -- Up-to-date: /home/zheka/Fleet-Management-System/ros2_ws/install/action_interfaces/share/action_interfaces/cmake/action_interfaces__rosidl_typesupport_introspection_cExport-noconfig.cmake
[1.344s] -- Up-to-date: /home/zheka/Fleet-Management-System/ros2_ws/install/action_interfaces/share/action_interfaces/cmake/action_interfaces__rosidl_typesupport_cExport.cmake
[1.344s] -- Up-to-date: /home/zheka/Fleet-Management-System/ros2_ws/install/action_interfaces/share/action_interfaces/cmake/action_interfaces__rosidl_typesupport_cExport-noconfig.cmake
[1.344s] -- Up-to-date: /home/zheka/Fleet-Management-System/ros2_ws/install/action_interfaces/share/action_interfaces/cmake/export_action_interfaces__rosidl_generator_cppExport.cmake
[1.344s] -- Up-to-date: /home/zheka/Fleet-Management-System/ros2_ws/install/action_interfaces/share/action_interfaces/cmake/export_action_interfaces__rosidl_typesupport_fastrtps_cppExport.cmake
[1.344s] -- Up-to-date: /home/zheka/Fleet-Management-System/ros2_ws/install/action_interfaces/share/action_interfaces/cmake/export_action_interfaces__rosidl_typesupport_fastrtps_cppExport-noconfig.cmake
[1.344s] -- Up-to-date: /home/zheka/Fleet-Management-System/ros2_ws/install/action_interfaces/share/action_interfaces/cmake/action_interfaces__rosidl_typesupport_introspection_cppExport.cmake
[1.344s] -- Up-to-date: /home/zheka/Fleet-Management-System/ros2_ws/install/action_interfaces/share/action_interfaces/cmake/action_interfaces__rosidl_typesupport_introspection_cppExport-noconfig.cmake
[1.344s] -- Up-to-date: /home/zheka/Fleet-Management-System/ros2_ws/install/action_interfaces/share/action_interfaces/cmake/action_interfaces__rosidl_typesupport_cppExport.cmake
[1.344s] -- Up-to-date: /home/zheka/Fleet-Management-System/ros2_ws/install/action_interfaces/share/action_interfaces/cmake/action_interfaces__rosidl_typesupport_cppExport-noconfig.cmake
[1.344s] -- Up-to-date: /home/zheka/Fleet-Management-System/ros2_ws/install/action_interfaces/share/action_interfaces/cmake/export_action_interfaces__rosidl_generator_pyExport.cmake
[1.344s] -- Up-to-date: /home/zheka/Fleet-Management-System/ros2_ws/install/action_interfaces/share/action_interfaces/cmake/export_action_interfaces__rosidl_generator_pyExport-noconfig.cmake
[1.345s] -- Up-to-date: /home/zheka/Fleet-Management-System/ros2_ws/install/action_interfaces/share/action_interfaces/cmake/rosidl_cmake-extras.cmake
[1.345s] -- Up-to-date: /home/zheka/Fleet-Management-System/ros2_ws/install/action_interfaces/share/action_interfaces/cmake/ament_cmake_export_dependencies-extras.cmake
[1.345s] -- Up-to-date: /home/zheka/Fleet-Management-System/ros2_ws/install/action_interfaces/share/action_interfaces/cmake/ament_cmake_export_include_directories-extras.cmake
[1.345s] -- Up-to-date: /home/zheka/Fleet-Management-System/ros2_ws/install/action_interfaces/share/action_interfaces/cmake/ament_cmake_export_libraries-extras.cmake
[1.345s] -- Up-to-date: /home/zheka/Fleet-Management-System/ros2_ws/install/action_interfaces/share/action_interfaces/cmake/ament_cmake_export_targets-extras.cmake
[1.345s] -- Up-to-date: /home/zheka/Fleet-Management-System/ros2_ws/install/action_interfaces/share/action_interfaces/cmake/rosidl_cmake_export_typesupport_targets-extras.cmake
[1.345s] -- Up-to-date: /home/zheka/Fleet-Management-System/ros2_ws/install/action_interfaces/share/action_interfaces/cmake/rosidl_cmake_export_typesupport_libraries-extras.cmake
[1.345s] -- Up-to-date: /home/zheka/Fleet-Management-System/ros2_ws/install/action_interfaces/share/action_interfaces/cmake/action_interfacesConfig.cmake
[1.346s] -- Up-to-date: /home/zheka/Fleet-Management-System/ros2_ws/install/action_interfaces/share/action_interfaces/cmake/action_interfacesConfig-version.cmake
[1.346s] -- Installing: /home/zheka/Fleet-Management-System/ros2_ws/install/action_interfaces/share/action_interfaces/package.xml
[1.349s] Invoked command in '/home/zheka/Fleet-Management-System/ros2_ws/build/action_interfaces' returned '0': CMAKE_PREFIX_PATH=/opt/ros/humble /usr/bin/cmake --install /home/zheka/Fleet-Management-System/ros2_ws/build/action_interfaces
