[0.521s] Invoking command in '/home/zheka/Fleet-Management-System/ros2_ws/src/fleet_management': AMENT_PREFIX_PATH=/home/zheka/Fleet-Management-System/ros2_ws/install/action_interfaces:${AMENT_PREFIX_PATH} CMAKE_PREFIX_PATH=/home/zheka/Fleet-Management-System/ros2_ws/install/action_interfaces LD_LIBRARY_PATH=/home/zheka/Fleet-Management-System/ros2_ws/install/action_interfaces/lib:${LD_LIBRARY_PATH} PYTHONPATH=/home/zheka/Fleet-Management-System/ros2_ws/build/fleet_management/prefix_override:/home/zheka/Fleet-Management-System/ros2_ws/install/fleet_management/lib/python3.10/site-packages:/home/zheka/Fleet-Management-System/ros2_ws/install/action_interfaces/local/lib/python3.10/dist-packages:${PYTHONPATH} /usr/bin/python3 setup.py egg_info --egg-base ../../build/fleet_management build --build-base /home/zheka/Fleet-Management-System/ros2_ws/build/fleet_management/build install --record /home/zheka/Fleet-Management-System/ros2_ws/build/fleet_management/install.log --single-version-externally-managed
[0.696s] running egg_info
[0.696s] writing ../../build/fleet_management/fleet_management.egg-info/PKG-INFO
[0.696s] writing dependency_links to ../../build/fleet_management/fleet_management.egg-info/dependency_links.txt
[0.697s] writing entry points to ../../build/fleet_management/fleet_management.egg-info/entry_points.txt
[0.697s] writing requirements to ../../build/fleet_management/fleet_management.egg-info/requires.txt
[0.697s] writing top-level names to ../../build/fleet_management/fleet_management.egg-info/top_level.txt
[0.698s] reading manifest file '../../build/fleet_management/fleet_management.egg-info/SOURCES.txt'
[0.699s] writing manifest file '../../build/fleet_management/fleet_management.egg-info/SOURCES.txt'
[0.699s] running build
[0.699s] running build_py
[0.699s] copying fleet_management/fleet_management_cli.py -> /home/zheka/Fleet-Management-System/ros2_ws/build/fleet_management/build/lib/fleet_management
[0.700s] running install
[0.700s] /usr/lib/python3/dist-packages/setuptools/command/install.py:34: SetuptoolsDeprecationWarning: setup.py install is deprecated. Use build and pip and other standards-based tools.
[0.700s]   warnings.warn(
[0.700s] running install_lib
[0.701s] copying /home/zheka/Fleet-Management-System/ros2_ws/build/fleet_management/build/lib/fleet_management/fleet_management_cli.py -> /home/zheka/Fleet-Management-System/ros2_ws/install/fleet_management/lib/python3.10/site-packages/fleet_management
[0.701s] byte-compiling /home/zheka/Fleet-Management-System/ros2_ws/install/fleet_management/lib/python3.10/site-packages/fleet_management/fleet_management_cli.py to fleet_management_cli.cpython-310.pyc
[0.701s] running install_data
[0.702s] running install_egg_info
[0.703s] removing '/home/zheka/Fleet-Management-System/ros2_ws/install/fleet_management/lib/python3.10/site-packages/fleet_management-0.0.0-py3.10.egg-info' (and everything under it)
[0.703s] Copying ../../build/fleet_management/fleet_management.egg-info to /home/zheka/Fleet-Management-System/ros2_ws/install/fleet_management/lib/python3.10/site-packages/fleet_management-0.0.0-py3.10.egg-info
[0.704s] running install_scripts
[0.720s] Installing client script to /home/zheka/Fleet-Management-System/ros2_ws/install/fleet_management/lib/fleet_management
[0.720s] Installing server script to /home/zheka/Fleet-Management-System/ros2_ws/install/fleet_management/lib/fleet_management
[0.720s] writing list of installed files to '/home/zheka/Fleet-Management-System/ros2_ws/build/fleet_management/install.log'
[0.739s] Invoked command in '/home/zheka/Fleet-Management-System/ros2_ws/src/fleet_management' returned '0': AMENT_PREFIX_PATH=/home/zheka/Fleet-Management-System/ros2_ws/install/action_interfaces:${AMENT_PREFIX_PATH} CMAKE_PREFIX_PATH=/home/zheka/Fleet-Management-System/ros2_ws/install/action_interfaces LD_LIBRARY_PATH=/home/zheka/Fleet-Management-System/ros2_ws/install/action_interfaces/lib:${LD_LIBRARY_PATH} PYTHONPATH=/home/zheka/Fleet-Management-System/ros2_ws/build/fleet_management/prefix_override:/home/zheka/Fleet-Management-System/ros2_ws/install/fleet_management/lib/python3.10/site-packages:/home/zheka/Fleet-Management-System/ros2_ws/install/action_interfaces/local/lib/python3.10/dist-packages:${PYTHONPATH} /usr/bin/python3 setup.py egg_info --egg-base ../../build/fleet_management build --build-base /home/zheka/Fleet-Management-System/ros2_ws/build/fleet_management/build install --record /home/zheka/Fleet-Management-System/ros2_ws/build/fleet_management/install.log --single-version-externally-managed
