[0.046s] Invoking command in '/home/zheka/Fleet-Management-System/ros2_ws/build/action_interfaces': CMAKE_PREFIX_PATH=/opt/ros/humble /usr/bin/cmake /home/zheka/Fleet-Management-System/ros2_ws/src/action_interfaces -DCMAKE_INSTALL_PREFIX=/home/zheka/Fleet-Management-System/ros2_ws/install/action_interfaces
[0.214s] -- The C compiler identification is GNU 11.4.0
[0.336s] -- The CXX compiler identification is GNU 11.4.0
[0.346s] -- Detecting C compiler ABI info
[0.406s] -- Detecting C compiler ABI info - done
[0.413s] -- Check for working C compiler: /usr/bin/cc - skipped
[0.413s] -- Detecting C compile features
[0.414s] -- Detecting C compile features - done
[0.418s] -- Detecting CXX compiler ABI info
[0.482s] -- Detecting CXX compiler ABI info - done
[0.488s] -- Check for working CXX compiler: /usr/bin/c++ - skipped
[0.489s] -- Detecting CXX compile features
[0.489s] -- Detecting CXX compile features - done
[0.497s] -- Found ament_cmake: 1.3.5 (/opt/ros/humble/share/ament_cmake/cmake)
[0.624s] -- Found Python3: /usr/bin/python3.10 (found version "3.10.12") found components: Interpreter 
[0.706s] -- Found ament_lint_auto: 0.12.8 (/opt/ros/humble/share/ament_lint_auto/cmake)
[0.765s] -- Found rosidl_default_generators: 1.2.0 (/opt/ros/humble/share/rosidl_default_generators/cmake)
[0.770s] -- Using all available rosidl_typesupport_c: rosidl_typesupport_fastrtps_c;rosidl_typesupport_introspection_c
[0.778s] -- Found rosidl_adapter: 3.1.5 (/opt/ros/humble/share/rosidl_adapter/cmake)
[0.824s] -- Using all available rosidl_typesupport_cpp: rosidl_typesupport_fastrtps_cpp;rosidl_typesupport_introspection_cpp
[1.099s] -- Found ament_cmake_ros: 0.10.0 (/opt/ros/humble/share/ament_cmake_ros/cmake)
[1.245s] -- Using all available rosidl_typesupport_c: rosidl_typesupport_fastrtps_c;rosidl_typesupport_introspection_c
[1.430s] -- Using all available rosidl_typesupport_cpp: rosidl_typesupport_fastrtps_cpp;rosidl_typesupport_introspection_cpp
[1.447s] -- Found PythonInterp: /usr/bin/python3 (found suitable version "3.10.12", minimum required is "3.6") 
[1.449s] -- Found python_cmake_module: 0.10.0 (/opt/ros/humble/share/python_cmake_module/cmake)
[1.471s] -- Found PythonLibs: /usr/lib/x86_64-linux-gnu/libpython3.10.so (found suitable version "3.10.12", minimum required is "3.5") 
[1.471s] -- Using PYTHON_EXECUTABLE: /usr/bin/python3
[1.472s] -- Using PYTHON_INCLUDE_DIRS: /usr/include/python3.10
[1.472s] -- Using PYTHON_LIBRARIES: /usr/lib/x86_64-linux-gnu/libpython3.10.so
[1.487s] -- Found PythonExtra: .so  
[1.523s] -- Added test 'lint_cmake' to check CMake code style
[1.525s] -- Added test 'xmllint' to check XML markup files
[1.533s] -- Configuring done
[1.561s] -- Generating done
[1.563s] -- Build files have been written to: /home/zheka/Fleet-Management-System/ros2_ws/build/action_interfaces
[1.569s] Invoked command in '/home/zheka/Fleet-Management-System/ros2_ws/build/action_interfaces' returned '0': CMAKE_PREFIX_PATH=/opt/ros/humble /usr/bin/cmake /home/zheka/Fleet-Management-System/ros2_ws/src/action_interfaces -DCMAKE_INSTALL_PREFIX=/home/zheka/Fleet-Management-System/ros2_ws/install/action_interfaces
[1.570s] Invoking command in '/home/zheka/Fleet-Management-System/ros2_ws/build/action_interfaces': CMAKE_PREFIX_PATH=/opt/ros/humble /usr/bin/cmake --build /home/zheka/Fleet-Management-System/ros2_ws/build/action_interfaces -- -j4 -l4
[1.600s] [  3%] [34m[1mGenerating C code for ROS interfaces[0m
[1.608s] [  6%] [34m[1mGenerating C++ code for ROS interfaces[0m
[1.616s] [  6%] Built target ament_cmake_python_copy_action_interfaces
[1.795s] running egg_info
[1.796s] creating action_interfaces.egg-info
[1.796s] writing action_interfaces.egg-info/PKG-INFO
[1.796s] writing dependency_links to action_interfaces.egg-info/dependency_links.txt
[1.796s] writing top-level names to action_interfaces.egg-info/top_level.txt
[1.797s] writing manifest file 'action_interfaces.egg-info/SOURCES.txt'
[1.799s] reading manifest file 'action_interfaces.egg-info/SOURCES.txt'
[1.800s] writing manifest file 'action_interfaces.egg-info/SOURCES.txt'
[1.820s] [  6%] Built target ament_cmake_python_build_action_interfaces_egg
[1.949s] [  6%] Built target action_interfaces__cpp
[1.950s] [  9%] [32mBuilding C object CMakeFiles/action_interfaces__rosidl_generator_c.dir/rosidl_generator_c/action_interfaces/action/detail/fleet_management__functions.c.o[0m
[1.956s] [ 16%] [34m[1mGenerating C++ type support dispatch for ROS interfaces[0m
[1.957s] [ 16%] [34m[1mGenerating C++ introspection for ROS interfaces[0m
[1.957s] [ 19%] [34m[1mGenerating C++ type support for eProsima Fast-RTPS[0m
[2.091s] [ 22%] [32m[1mLinking C shared library libaction_interfaces__rosidl_generator_c.so[0m
[2.120s] [ 22%] Built target action_interfaces__rosidl_generator_c
[2.128s] [ 25%] [34m[1mGenerating C type support for eProsima Fast-RTPS[0m
[2.180s] [ 29%] [32mBuilding CXX object CMakeFiles/action_interfaces__rosidl_typesupport_cpp.dir/rosidl_typesupport_cpp/action_interfaces/action/fleet_management__type_support.cpp.o[0m
[2.231s] [ 32%] [32mBuilding CXX object CMakeFiles/action_interfaces__rosidl_typesupport_introspection_cpp.dir/rosidl_typesupport_introspection_cpp/action_interfaces/action/detail/fleet_management__type_support.cpp.o[0m
[2.294s] [ 35%] [32mBuilding CXX object CMakeFiles/action_interfaces__rosidl_typesupport_fastrtps_cpp.dir/rosidl_typesupport_fastrtps_cpp/action_interfaces/action/detail/dds_fastrtps/fleet_management__type_support.cpp.o[0m
[2.438s] [ 38%] [32mBuilding CXX object CMakeFiles/action_interfaces__rosidl_typesupport_fastrtps_c.dir/rosidl_typesupport_fastrtps_c/action_interfaces/action/detail/fleet_management__type_support_c.cpp.o[0m
[2.619s] [ 41%] [32m[1mLinking CXX shared library libaction_interfaces__rosidl_typesupport_cpp.so[0m
[2.653s] [ 41%] Built target action_interfaces__rosidl_typesupport_cpp
[2.660s] [ 45%] [34m[1mGenerating C introspection for ROS interfaces[0m
[2.732s] [ 48%] [32m[1mLinking CXX shared library libaction_interfaces__rosidl_typesupport_introspection_cpp.so[0m
[2.741s] [ 51%] [32m[1mLinking CXX shared library libaction_interfaces__rosidl_typesupport_fastrtps_c.so[0m
[2.796s] [ 51%] Built target action_interfaces__rosidl_typesupport_introspection_cpp
[2.804s] [ 54%] [34m[1mGenerating C type support dispatch for ROS interfaces[0m
[2.834s] [ 54%] Built target action_interfaces__rosidl_typesupport_fastrtps_c
[2.891s] [ 58%] [32m[1mLinking CXX shared library libaction_interfaces__rosidl_typesupport_fastrtps_cpp.so[0m
[2.952s] [ 58%] Built target action_interfaces__rosidl_typesupport_fastrtps_cpp
[2.954s] [ 61%] [32mBuilding C object CMakeFiles/action_interfaces__rosidl_typesupport_introspection_c.dir/rosidl_typesupport_introspection_c/action_interfaces/action/detail/fleet_management__type_support.c.o[0m
[2.996s] [ 64%] [32m[1mLinking C shared library libaction_interfaces__rosidl_typesupport_introspection_c.so[0m
[3.020s] [ 64%] Built target action_interfaces__rosidl_typesupport_introspection_c
[3.027s] [ 67%] [32mBuilding CXX object CMakeFiles/action_interfaces__rosidl_typesupport_c.dir/rosidl_typesupport_c/action_interfaces/action/fleet_management__type_support.cpp.o[0m
[3.067s] [ 70%] [32m[1mLinking CXX shared library libaction_interfaces__rosidl_typesupport_c.so[0m
[3.099s] [ 70%] Built target action_interfaces__rosidl_typesupport_c
[3.113s] [ 70%] Built target action_interfaces
[3.128s] [ 74%] [34m[1mGenerating Python code for ROS interfaces[0m
[3.680s] [ 74%] Built target action_interfaces__py
[3.695s] [ 77%] [32mBuilding C object CMakeFiles/action_interfaces__rosidl_generator_py.dir/rosidl_generator_py/action_interfaces/action/_fleet_management_s.c.o[0m
[3.840s] [ 80%] [32m[1mLinking C shared library rosidl_generator_py/action_interfaces/libaction_interfaces__rosidl_generator_py.so[0m
[3.872s] [ 80%] Built target action_interfaces__rosidl_generator_py
[3.888s] [ 90%] [32mBuilding C object CMakeFiles/action_interfaces__rosidl_typesupport_c__pyext.dir/rosidl_generator_py/action_interfaces/_action_interfaces_s.ep.rosidl_typesupport_c.c.o[0m
[3.888s] [ 90%] [32mBuilding C object CMakeFiles/action_interfaces__rosidl_typesupport_fastrtps_c__pyext.dir/rosidl_generator_py/action_interfaces/_action_interfaces_s.ep.rosidl_typesupport_fastrtps_c.c.o[0m
[3.888s] [ 90%] [32mBuilding C object CMakeFiles/action_interfaces__rosidl_typesupport_introspection_c__pyext.dir/rosidl_generator_py/action_interfaces/_action_interfaces_s.ep.rosidl_typesupport_introspection_c.c.o[0m
[3.980s] [100%] [32m[1mLinking C shared library rosidl_generator_py/action_interfaces/action_interfaces_s__rosidl_typesupport_introspection_c.cpython-310-x86_64-linux-gnu.so[0m
[3.980s] [100%] [32m[1mLinking C shared library rosidl_generator_py/action_interfaces/action_interfaces_s__rosidl_typesupport_c.cpython-310-x86_64-linux-gnu.so[0m
[3.980s] [100%] [32m[1mLinking C shared library rosidl_generator_py/action_interfaces/action_interfaces_s__rosidl_typesupport_fastrtps_c.cpython-310-x86_64-linux-gnu.so[0m
[4.013s] [100%] Built target action_interfaces__rosidl_typesupport_c__pyext
[4.013s] [100%] Built target action_interfaces__rosidl_typesupport_introspection_c__pyext
[4.013s] [100%] Built target action_interfaces__rosidl_typesupport_fastrtps_c__pyext
[4.022s] Invoked command in '/home/zheka/Fleet-Management-System/ros2_ws/build/action_interfaces' returned '0': CMAKE_PREFIX_PATH=/opt/ros/humble /usr/bin/cmake --build /home/zheka/Fleet-Management-System/ros2_ws/build/action_interfaces -- -j4 -l4
[4.072s] Invoking command in '/home/zheka/Fleet-Management-System/ros2_ws/build/action_interfaces': CMAKE_PREFIX_PATH=/opt/ros/humble /usr/bin/cmake --install /home/zheka/Fleet-Management-System/ros2_ws/build/action_interfaces
[4.079s] -- Install configuration: ""
[4.079s] -- Installing: /home/zheka/Fleet-Management-System/ros2_ws/install/action_interfaces/share/ament_index/resource_index/rosidl_interfaces/action_interfaces
[4.079s] -- Installing: /home/zheka/Fleet-Management-System/ros2_ws/install/action_interfaces/include/action_interfaces/action_interfaces
[4.079s] -- Installing: /home/zheka/Fleet-Management-System/ros2_ws/install/action_interfaces/include/action_interfaces/action_interfaces/action
[4.079s] -- Installing: /home/zheka/Fleet-Management-System/ros2_ws/install/action_interfaces/include/action_interfaces/action_interfaces/action/detail
[4.079s] -- Installing: /home/zheka/Fleet-Management-System/ros2_ws/install/action_interfaces/include/action_interfaces/action_interfaces/action/detail/fleet_management__type_support.h
[4.079s] -- Installing: /home/zheka/Fleet-Management-System/ros2_ws/install/action_interfaces/include/action_interfaces/action_interfaces/action/detail/fleet_management__functions.h
[4.079s] -- Installing: /home/zheka/Fleet-Management-System/ros2_ws/install/action_interfaces/include/action_interfaces/action_interfaces/action/detail/fleet_management__struct.h
[4.079s] -- Installing: /home/zheka/Fleet-Management-System/ros2_ws/install/action_interfaces/include/action_interfaces/action_interfaces/action/detail/fleet_management__functions.c
[4.080s] -- Installing: /home/zheka/Fleet-Management-System/ros2_ws/install/action_interfaces/include/action_interfaces/action_interfaces/action/fleet_management.h
[4.080s] -- Installing: /home/zheka/Fleet-Management-System/ros2_ws/install/action_interfaces/include/action_interfaces/action_interfaces/msg
[4.080s] -- Installing: /home/zheka/Fleet-Management-System/ros2_ws/install/action_interfaces/include/action_interfaces/action_interfaces/msg/rosidl_generator_c__visibility_control.h
[4.080s] -- Installing: /home/zheka/Fleet-Management-System/ros2_ws/install/action_interfaces/share/action_interfaces/environment/library_path.sh
[4.080s] -- Installing: /home/zheka/Fleet-Management-System/ros2_ws/install/action_interfaces/share/action_interfaces/environment/library_path.dsv
[4.080s] -- Installing: /home/zheka/Fleet-Management-System/ros2_ws/install/action_interfaces/lib/libaction_interfaces__rosidl_generator_c.so
[4.080s] -- Set runtime path of "/home/zheka/Fleet-Management-System/ros2_ws/install/action_interfaces/lib/libaction_interfaces__rosidl_generator_c.so" to ""
[4.081s] -- Up-to-date: /home/zheka/Fleet-Management-System/ros2_ws/install/action_interfaces/include/action_interfaces/action_interfaces
[4.081s] -- Up-to-date: /home/zheka/Fleet-Management-System/ros2_ws/install/action_interfaces/include/action_interfaces/action_interfaces/action
[4.081s] -- Up-to-date: /home/zheka/Fleet-Management-System/ros2_ws/install/action_interfaces/include/action_interfaces/action_interfaces/action/detail
[4.081s] -- Installing: /home/zheka/Fleet-Management-System/ros2_ws/install/action_interfaces/include/action_interfaces/action_interfaces/action/detail/fleet_management__rosidl_typesupport_fastrtps_c.h
[4.081s] -- Up-to-date: /home/zheka/Fleet-Management-System/ros2_ws/install/action_interfaces/include/action_interfaces/action_interfaces/msg
[4.081s] -- Installing: /home/zheka/Fleet-Management-System/ros2_ws/install/action_interfaces/include/action_interfaces/action_interfaces/msg/rosidl_typesupport_fastrtps_c__visibility_control.h
[4.081s] -- Installing: /home/zheka/Fleet-Management-System/ros2_ws/install/action_interfaces/lib/libaction_interfaces__rosidl_typesupport_fastrtps_c.so
[4.081s] -- Set runtime path of "/home/zheka/Fleet-Management-System/ros2_ws/install/action_interfaces/lib/libaction_interfaces__rosidl_typesupport_fastrtps_c.so" to ""
[4.081s] -- Up-to-date: /home/zheka/Fleet-Management-System/ros2_ws/install/action_interfaces/include/action_interfaces/action_interfaces
[4.081s] -- Up-to-date: /home/zheka/Fleet-Management-System/ros2_ws/install/action_interfaces/include/action_interfaces/action_interfaces/action
[4.081s] -- Up-to-date: /home/zheka/Fleet-Management-System/ros2_ws/install/action_interfaces/include/action_interfaces/action_interfaces/action/detail
[4.082s] -- Installing: /home/zheka/Fleet-Management-System/ros2_ws/install/action_interfaces/include/action_interfaces/action_interfaces/action/detail/fleet_management__type_support.c
[4.082s] -- Installing: /home/zheka/Fleet-Management-System/ros2_ws/install/action_interfaces/include/action_interfaces/action_interfaces/action/detail/fleet_management__rosidl_typesupport_introspection_c.h
[4.082s] -- Up-to-date: /home/zheka/Fleet-Management-System/ros2_ws/install/action_interfaces/include/action_interfaces/action_interfaces/msg
[4.082s] -- Installing: /home/zheka/Fleet-Management-System/ros2_ws/install/action_interfaces/include/action_interfaces/action_interfaces/msg/rosidl_typesupport_introspection_c__visibility_control.h
[4.082s] -- Installing: /home/zheka/Fleet-Management-System/ros2_ws/install/action_interfaces/lib/libaction_interfaces__rosidl_typesupport_introspection_c.so
[4.082s] -- Set runtime path of "/home/zheka/Fleet-Management-System/ros2_ws/install/action_interfaces/lib/libaction_interfaces__rosidl_typesupport_introspection_c.so" to ""
[4.082s] -- Installing: /home/zheka/Fleet-Management-System/ros2_ws/install/action_interfaces/lib/libaction_interfaces__rosidl_typesupport_c.so
[4.082s] -- Set runtime path of "/home/zheka/Fleet-Management-System/ros2_ws/install/action_interfaces/lib/libaction_interfaces__rosidl_typesupport_c.so" to ""
[4.083s] -- Up-to-date: /home/zheka/Fleet-Management-System/ros2_ws/install/action_interfaces/include/action_interfaces/action_interfaces
[4.083s] -- Up-to-date: /home/zheka/Fleet-Management-System/ros2_ws/install/action_interfaces/include/action_interfaces/action_interfaces/action
[4.083s] -- Up-to-date: /home/zheka/Fleet-Management-System/ros2_ws/install/action_interfaces/include/action_interfaces/action_interfaces/action/detail
[4.083s] -- Installing: /home/zheka/Fleet-Management-System/ros2_ws/install/action_interfaces/include/action_interfaces/action_interfaces/action/detail/fleet_management__traits.hpp
[4.083s] -- Installing: /home/zheka/Fleet-Management-System/ros2_ws/install/action_interfaces/include/action_interfaces/action_interfaces/action/detail/fleet_management__builder.hpp
[4.083s] -- Installing: /home/zheka/Fleet-Management-System/ros2_ws/install/action_interfaces/include/action_interfaces/action_interfaces/action/detail/fleet_management__struct.hpp
[4.083s] -- Installing: /home/zheka/Fleet-Management-System/ros2_ws/install/action_interfaces/include/action_interfaces/action_interfaces/action/fleet_management.hpp
[4.083s] -- Up-to-date: /home/zheka/Fleet-Management-System/ros2_ws/install/action_interfaces/include/action_interfaces/action_interfaces
[4.083s] -- Up-to-date: /home/zheka/Fleet-Management-System/ros2_ws/install/action_interfaces/include/action_interfaces/action_interfaces/action
[4.083s] -- Up-to-date: /home/zheka/Fleet-Management-System/ros2_ws/install/action_interfaces/include/action_interfaces/action_interfaces/action/detail
[4.083s] -- Installing: /home/zheka/Fleet-Management-System/ros2_ws/install/action_interfaces/include/action_interfaces/action_interfaces/action/detail/fleet_management__rosidl_typesupport_fastrtps_cpp.hpp
[4.083s] -- Installing: /home/zheka/Fleet-Management-System/ros2_ws/install/action_interfaces/include/action_interfaces/action_interfaces/action/detail/dds_fastrtps
[4.083s] -- Up-to-date: /home/zheka/Fleet-Management-System/ros2_ws/install/action_interfaces/include/action_interfaces/action_interfaces/msg
[4.083s] -- Installing: /home/zheka/Fleet-Management-System/ros2_ws/install/action_interfaces/include/action_interfaces/action_interfaces/msg/rosidl_typesupport_fastrtps_cpp__visibility_control.h
[4.084s] -- Installing: /home/zheka/Fleet-Management-System/ros2_ws/install/action_interfaces/lib/libaction_interfaces__rosidl_typesupport_fastrtps_cpp.so
[4.084s] -- Set runtime path of "/home/zheka/Fleet-Management-System/ros2_ws/install/action_interfaces/lib/libaction_interfaces__rosidl_typesupport_fastrtps_cpp.so" to ""
[4.084s] -- Up-to-date: /home/zheka/Fleet-Management-System/ros2_ws/install/action_interfaces/include/action_interfaces/action_interfaces
[4.084s] -- Up-to-date: /home/zheka/Fleet-Management-System/ros2_ws/install/action_interfaces/include/action_interfaces/action_interfaces/action
[4.084s] -- Up-to-date: /home/zheka/Fleet-Management-System/ros2_ws/install/action_interfaces/include/action_interfaces/action_interfaces/action/detail
[4.084s] -- Installing: /home/zheka/Fleet-Management-System/ros2_ws/install/action_interfaces/include/action_interfaces/action_interfaces/action/detail/fleet_management__type_support.cpp
[4.084s] -- Installing: /home/zheka/Fleet-Management-System/ros2_ws/install/action_interfaces/include/action_interfaces/action_interfaces/action/detail/fleet_management__rosidl_typesupport_introspection_cpp.hpp
[4.084s] -- Installing: /home/zheka/Fleet-Management-System/ros2_ws/install/action_interfaces/lib/libaction_interfaces__rosidl_typesupport_introspection_cpp.so
[4.085s] -- Set runtime path of "/home/zheka/Fleet-Management-System/ros2_ws/install/action_interfaces/lib/libaction_interfaces__rosidl_typesupport_introspection_cpp.so" to ""
[4.085s] -- Installing: /home/zheka/Fleet-Management-System/ros2_ws/install/action_interfaces/lib/libaction_interfaces__rosidl_typesupport_cpp.so
[4.085s] -- Set runtime path of "/home/zheka/Fleet-Management-System/ros2_ws/install/action_interfaces/lib/libaction_interfaces__rosidl_typesupport_cpp.so" to ""
[4.085s] -- Installing: /home/zheka/Fleet-Management-System/ros2_ws/install/action_interfaces/share/action_interfaces/environment/pythonpath.sh
[4.085s] -- Installing: /home/zheka/Fleet-Management-System/ros2_ws/install/action_interfaces/share/action_interfaces/environment/pythonpath.dsv
[4.085s] -- Installing: /home/zheka/Fleet-Management-System/ros2_ws/install/action_interfaces/local/lib/python3.10/dist-packages/action_interfaces-0.0.0-py3.10.egg-info
[4.085s] -- Installing: /home/zheka/Fleet-Management-System/ros2_ws/install/action_interfaces/local/lib/python3.10/dist-packages/action_interfaces-0.0.0-py3.10.egg-info/PKG-INFO
[4.085s] -- Installing: /home/zheka/Fleet-Management-System/ros2_ws/install/action_interfaces/local/lib/python3.10/dist-packages/action_interfaces-0.0.0-py3.10.egg-info/SOURCES.txt
[4.085s] -- Installing: /home/zheka/Fleet-Management-System/ros2_ws/install/action_interfaces/local/lib/python3.10/dist-packages/action_interfaces-0.0.0-py3.10.egg-info/top_level.txt
[4.086s] -- Installing: /home/zheka/Fleet-Management-System/ros2_ws/install/action_interfaces/local/lib/python3.10/dist-packages/action_interfaces-0.0.0-py3.10.egg-info/dependency_links.txt
[4.086s] -- Installing: /home/zheka/Fleet-Management-System/ros2_ws/install/action_interfaces/local/lib/python3.10/dist-packages/action_interfaces
[4.086s] -- Installing: /home/zheka/Fleet-Management-System/ros2_ws/install/action_interfaces/local/lib/python3.10/dist-packages/action_interfaces/__init__.py
[4.086s] -- Installing: /home/zheka/Fleet-Management-System/ros2_ws/install/action_interfaces/local/lib/python3.10/dist-packages/action_interfaces/libaction_interfaces__rosidl_generator_py.so
[4.086s] -- Installing: /home/zheka/Fleet-Management-System/ros2_ws/install/action_interfaces/local/lib/python3.10/dist-packages/action_interfaces/_action_interfaces_s.ep.rosidl_typesupport_fastrtps_c.c
[4.086s] -- Installing: /home/zheka/Fleet-Management-System/ros2_ws/install/action_interfaces/local/lib/python3.10/dist-packages/action_interfaces/action
[4.086s] -- Installing: /home/zheka/Fleet-Management-System/ros2_ws/install/action_interfaces/local/lib/python3.10/dist-packages/action_interfaces/action/__init__.py
[4.086s] -- Installing: /home/zheka/Fleet-Management-System/ros2_ws/install/action_interfaces/local/lib/python3.10/dist-packages/action_interfaces/action/_fleet_management.py
[4.086s] -- Installing: /home/zheka/Fleet-Management-System/ros2_ws/install/action_interfaces/local/lib/python3.10/dist-packages/action_interfaces/action/_fleet_management_s.c
[4.086s] -- Installing: /home/zheka/Fleet-Management-System/ros2_ws/install/action_interfaces/local/lib/python3.10/dist-packages/action_interfaces/_action_interfaces_s.ep.rosidl_typesupport_introspection_c.c
[4.087s] -- Installing: /home/zheka/Fleet-Management-System/ros2_ws/install/action_interfaces/local/lib/python3.10/dist-packages/action_interfaces/action_interfaces_s__rosidl_typesupport_introspection_c.cpython-310-x86_64-linux-gnu.so
[4.087s] -- Installing: /home/zheka/Fleet-Management-System/ros2_ws/install/action_interfaces/local/lib/python3.10/dist-packages/action_interfaces/action_interfaces_s__rosidl_typesupport_fastrtps_c.cpython-310-x86_64-linux-gnu.so
[4.087s] -- Installing: /home/zheka/Fleet-Management-System/ros2_ws/install/action_interfaces/local/lib/python3.10/dist-packages/action_interfaces/action_interfaces_s__rosidl_typesupport_c.cpython-310-x86_64-linux-gnu.so
[4.087s] -- Installing: /home/zheka/Fleet-Management-System/ros2_ws/install/action_interfaces/local/lib/python3.10/dist-packages/action_interfaces/_action_interfaces_s.ep.rosidl_typesupport_c.c
[4.116s] Listing '/home/zheka/Fleet-Management-System/ros2_ws/install/action_interfaces/local/lib/python3.10/dist-packages/action_interfaces'...
[4.116s] Compiling '/home/zheka/Fleet-Management-System/ros2_ws/install/action_interfaces/local/lib/python3.10/dist-packages/action_interfaces/__init__.py'...
[4.116s] Listing '/home/zheka/Fleet-Management-System/ros2_ws/install/action_interfaces/local/lib/python3.10/dist-packages/action_interfaces/action'...
[4.116s] Compiling '/home/zheka/Fleet-Management-System/ros2_ws/install/action_interfaces/local/lib/python3.10/dist-packages/action_interfaces/action/__init__.py'...
[4.116s] Compiling '/home/zheka/Fleet-Management-System/ros2_ws/install/action_interfaces/local/lib/python3.10/dist-packages/action_interfaces/action/_fleet_management.py'...
[4.120s] -- Installing: /home/zheka/Fleet-Management-System/ros2_ws/install/action_interfaces/local/lib/python3.10/dist-packages/action_interfaces/action_interfaces_s__rosidl_typesupport_fastrtps_c.cpython-310-x86_64-linux-gnu.so
[4.120s] -- Set runtime path of "/home/zheka/Fleet-Management-System/ros2_ws/install/action_interfaces/local/lib/python3.10/dist-packages/action_interfaces/action_interfaces_s__rosidl_typesupport_fastrtps_c.cpython-310-x86_64-linux-gnu.so" to ""
[4.120s] -- Installing: /home/zheka/Fleet-Management-System/ros2_ws/install/action_interfaces/local/lib/python3.10/dist-packages/action_interfaces/action_interfaces_s__rosidl_typesupport_introspection_c.cpython-310-x86_64-linux-gnu.so
[4.120s] -- Set runtime path of "/home/zheka/Fleet-Management-System/ros2_ws/install/action_interfaces/local/lib/python3.10/dist-packages/action_interfaces/action_interfaces_s__rosidl_typesupport_introspection_c.cpython-310-x86_64-linux-gnu.so" to ""
[4.120s] -- Installing: /home/zheka/Fleet-Management-System/ros2_ws/install/action_interfaces/local/lib/python3.10/dist-packages/action_interfaces/action_interfaces_s__rosidl_typesupport_c.cpython-310-x86_64-linux-gnu.so
[4.121s] -- Set runtime path of "/home/zheka/Fleet-Management-System/ros2_ws/install/action_interfaces/local/lib/python3.10/dist-packages/action_interfaces/action_interfaces_s__rosidl_typesupport_c.cpython-310-x86_64-linux-gnu.so" to ""
[4.121s] -- Installing: /home/zheka/Fleet-Management-System/ros2_ws/install/action_interfaces/lib/libaction_interfaces__rosidl_generator_py.so
[4.121s] -- Set runtime path of "/home/zheka/Fleet-Management-System/ros2_ws/install/action_interfaces/lib/libaction_interfaces__rosidl_generator_py.so" to ""
[4.121s] -- Installing: /home/zheka/Fleet-Management-System/ros2_ws/install/action_interfaces/share/action_interfaces/action/FleetManagement.idl
[4.121s] -- Installing: /home/zheka/Fleet-Management-System/ros2_ws/install/action_interfaces/share/action_interfaces/action/FleetManagement.action
[4.121s] -- Installing: /home/zheka/Fleet-Management-System/ros2_ws/install/action_interfaces/share/ament_index/resource_index/package_run_dependencies/action_interfaces
[4.122s] -- Installing: /home/zheka/Fleet-Management-System/ros2_ws/install/action_interfaces/share/ament_index/resource_index/parent_prefix_path/action_interfaces
[4.122s] -- Installing: /home/zheka/Fleet-Management-System/ros2_ws/install/action_interfaces/share/action_interfaces/environment/ament_prefix_path.sh
[4.122s] -- Installing: /home/zheka/Fleet-Management-System/ros2_ws/install/action_interfaces/share/action_interfaces/environment/ament_prefix_path.dsv
[4.122s] -- Installing: /home/zheka/Fleet-Management-System/ros2_ws/install/action_interfaces/share/action_interfaces/environment/path.sh
[4.122s] -- Installing: /home/zheka/Fleet-Management-System/ros2_ws/install/action_interfaces/share/action_interfaces/environment/path.dsv
[4.122s] -- Installing: /home/zheka/Fleet-Management-System/ros2_ws/install/action_interfaces/share/action_interfaces/local_setup.bash
[4.122s] -- Installing: /home/zheka/Fleet-Management-System/ros2_ws/install/action_interfaces/share/action_interfaces/local_setup.sh
[4.122s] -- Installing: /home/zheka/Fleet-Management-System/ros2_ws/install/action_interfaces/share/action_interfaces/local_setup.zsh
[4.122s] -- Installing: /home/zheka/Fleet-Management-System/ros2_ws/install/action_interfaces/share/action_interfaces/local_setup.dsv
[4.123s] -- Installing: /home/zheka/Fleet-Management-System/ros2_ws/install/action_interfaces/share/action_interfaces/package.dsv
[4.123s] -- Installing: /home/zheka/Fleet-Management-System/ros2_ws/install/action_interfaces/share/ament_index/resource_index/packages/action_interfaces
[4.123s] -- Installing: /home/zheka/Fleet-Management-System/ros2_ws/install/action_interfaces/share/action_interfaces/cmake/export_action_interfaces__rosidl_generator_cExport.cmake
[4.123s] -- Installing: /home/zheka/Fleet-Management-System/ros2_ws/install/action_interfaces/share/action_interfaces/cmake/export_action_interfaces__rosidl_generator_cExport-noconfig.cmake
[4.123s] -- Installing: /home/zheka/Fleet-Management-System/ros2_ws/install/action_interfaces/share/action_interfaces/cmake/export_action_interfaces__rosidl_typesupport_fastrtps_cExport.cmake
[4.123s] -- Installing: /home/zheka/Fleet-Management-System/ros2_ws/install/action_interfaces/share/action_interfaces/cmake/export_action_interfaces__rosidl_typesupport_fastrtps_cExport-noconfig.cmake
[4.123s] -- Installing: /home/zheka/Fleet-Management-System/ros2_ws/install/action_interfaces/share/action_interfaces/cmake/action_interfaces__rosidl_typesupport_introspection_cExport.cmake
[4.123s] -- Installing: /home/zheka/Fleet-Management-System/ros2_ws/install/action_interfaces/share/action_interfaces/cmake/action_interfaces__rosidl_typesupport_introspection_cExport-noconfig.cmake
[4.124s] -- Installing: /home/zheka/Fleet-Management-System/ros2_ws/install/action_interfaces/share/action_interfaces/cmake/action_interfaces__rosidl_typesupport_cExport.cmake
[4.124s] -- Installing: /home/zheka/Fleet-Management-System/ros2_ws/install/action_interfaces/share/action_interfaces/cmake/action_interfaces__rosidl_typesupport_cExport-noconfig.cmake
[4.124s] -- Installing: /home/zheka/Fleet-Management-System/ros2_ws/install/action_interfaces/share/action_interfaces/cmake/export_action_interfaces__rosidl_generator_cppExport.cmake
[4.124s] -- Installing: /home/zheka/Fleet-Management-System/ros2_ws/install/action_interfaces/share/action_interfaces/cmake/export_action_interfaces__rosidl_typesupport_fastrtps_cppExport.cmake
[4.124s] -- Installing: /home/zheka/Fleet-Management-System/ros2_ws/install/action_interfaces/share/action_interfaces/cmake/export_action_interfaces__rosidl_typesupport_fastrtps_cppExport-noconfig.cmake
[4.124s] -- Installing: /home/zheka/Fleet-Management-System/ros2_ws/install/action_interfaces/share/action_interfaces/cmake/action_interfaces__rosidl_typesupport_introspection_cppExport.cmake
[4.124s] -- Installing: /home/zheka/Fleet-Management-System/ros2_ws/install/action_interfaces/share/action_interfaces/cmake/action_interfaces__rosidl_typesupport_introspection_cppExport-noconfig.cmake
[4.124s] -- Installing: /home/zheka/Fleet-Management-System/ros2_ws/install/action_interfaces/share/action_interfaces/cmake/action_interfaces__rosidl_typesupport_cppExport.cmake
[4.125s] -- Installing: /home/zheka/Fleet-Management-System/ros2_ws/install/action_interfaces/share/action_interfaces/cmake/action_interfaces__rosidl_typesupport_cppExport-noconfig.cmake
[4.125s] -- Installing: /home/zheka/Fleet-Management-System/ros2_ws/install/action_interfaces/share/action_interfaces/cmake/export_action_interfaces__rosidl_generator_pyExport.cmake
[4.125s] -- Installing: /home/zheka/Fleet-Management-System/ros2_ws/install/action_interfaces/share/action_interfaces/cmake/export_action_interfaces__rosidl_generator_pyExport-noconfig.cmake
[4.125s] -- Installing: /home/zheka/Fleet-Management-System/ros2_ws/install/action_interfaces/share/action_interfaces/cmake/rosidl_cmake-extras.cmake
[4.125s] -- Installing: /home/zheka/Fleet-Management-System/ros2_ws/install/action_interfaces/share/action_interfaces/cmake/ament_cmake_export_dependencies-extras.cmake
[4.125s] -- Installing: /home/zheka/Fleet-Management-System/ros2_ws/install/action_interfaces/share/action_interfaces/cmake/ament_cmake_export_include_directories-extras.cmake
[4.125s] -- Installing: /home/zheka/Fleet-Management-System/ros2_ws/install/action_interfaces/share/action_interfaces/cmake/ament_cmake_export_libraries-extras.cmake
[4.125s] -- Installing: /home/zheka/Fleet-Management-System/ros2_ws/install/action_interfaces/share/action_interfaces/cmake/ament_cmake_export_targets-extras.cmake
[4.126s] -- Installing: /home/zheka/Fleet-Management-System/ros2_ws/install/action_interfaces/share/action_interfaces/cmake/rosidl_cmake_export_typesupport_targets-extras.cmake
[4.126s] -- Installing: /home/zheka/Fleet-Management-System/ros2_ws/install/action_interfaces/share/action_interfaces/cmake/rosidl_cmake_export_typesupport_libraries-extras.cmake
[4.126s] -- Installing: /home/zheka/Fleet-Management-System/ros2_ws/install/action_interfaces/share/action_interfaces/cmake/action_interfacesConfig.cmake
[4.126s] -- Installing: /home/zheka/Fleet-Management-System/ros2_ws/install/action_interfaces/share/action_interfaces/cmake/action_interfacesConfig-version.cmake
[4.126s] -- Installing: /home/zheka/Fleet-Management-System/ros2_ws/install/action_interfaces/share/action_interfaces/package.xml
[4.128s] Invoked command in '/home/zheka/Fleet-Management-System/ros2_ws/build/action_interfaces' returned '0': CMAKE_PREFIX_PATH=/opt/ros/humble /usr/bin/cmake --install /home/zheka/Fleet-Management-System/ros2_ws/build/action_interfaces
