[0.752s] DEBUG:colcon:Command line arguments: ['/usr/bin/colcon', 'build']
[0.752s] DEBUG:colcon:Parsed command line arguments: Namespace(log_base=None, log_level=None, verb_name='build', build_base='build', install_base='install', merge_install=False, symlink_install=False, test_result_base=None, continue_on_error=False, executor='parallel', parallel_workers=4, event_handlers=None, ignore_user_meta=False, metas=['./colcon.meta'], base_paths=['.'], packages_ignore=None, packages_ignore_regex=None, paths=None, packages_up_to=None, packages_up_to_regex=None, packages_above=None, packages_above_and_dependencies=None, packages_above_depth=None, packages_select_by_dep=None, packages_skip_by_dep=None, packages_skip_up_to=None, packages_select_build_failed=False, packages_skip_build_finished=False, packages_select_test_failures=False, packages_skip_test_passed=False, packages_select=None, packages_skip=None, packages_select_regex=None, packages_skip_regex=None, packages_start=None, packages_end=None, allow_overriding=[], cmake_args=None, cmake_target=None, cmake_target_skip_unavailable=False, cmake_clean_cache=False, cmake_clean_first=False, cmake_force_configure=False, ament_cmake_args=None, catkin_cmake_args=None, catkin_skip_building_tests=False, verb_parser=<colcon_defaults.argument_parser.defaults.DefaultArgumentsDecorator object at 0x7fbb71456020>, verb_extension=<colcon_core.verb.build.BuildVerb object at 0x7fbb71475330>, main=<bound method BuildVerb.main of <colcon_core.verb.build.BuildVerb object at 0x7fbb71475330>>)
[0.790s] Level 1:colcon.colcon_core.package_discovery:discover_packages(colcon_meta) check parameters
[0.790s] Level 1:colcon.colcon_core.package_discovery:discover_packages(recursive) check parameters
[0.790s] Level 1:colcon.colcon_core.package_discovery:discover_packages(ignore) check parameters
[0.790s] Level 1:colcon.colcon_core.package_discovery:discover_packages(path) check parameters
[0.790s] Level 1:colcon.colcon_core.package_discovery:discover_packages(colcon_meta) discover
[0.790s] Level 1:colcon.colcon_core.package_discovery:discover_packages(recursive) discover
[0.790s] INFO:colcon.colcon_core.package_discovery:Crawling recursively for packages in '/home/zheka/Fleet-Management-System/ros2_ws'
[0.790s] Level 1:colcon.colcon_core.package_identification:_identify(.) by extensions ['ignore', 'ignore_ament_install']
[0.790s] Level 1:colcon.colcon_core.package_identification:_identify(.) by extension 'ignore'
[0.790s] Level 1:colcon.colcon_core.package_identification:_identify(.) by extension 'ignore_ament_install'
[0.790s] Level 1:colcon.colcon_core.package_identification:_identify(.) by extensions ['colcon_pkg']
[0.790s] Level 1:colcon.colcon_core.package_identification:_identify(.) by extension 'colcon_pkg'
[0.790s] Level 1:colcon.colcon_core.package_identification:_identify(.) by extensions ['colcon_meta']
[0.790s] Level 1:colcon.colcon_core.package_identification:_identify(.) by extension 'colcon_meta'
[0.790s] Level 1:colcon.colcon_core.package_identification:_identify(.) by extensions ['ros']
[0.790s] Level 1:colcon.colcon_core.package_identification:_identify(.) by extension 'ros'
[0.799s] Level 1:colcon.colcon_core.package_identification:_identify(.) by extensions ['cmake', 'python']
[0.799s] Level 1:colcon.colcon_core.package_identification:_identify(.) by extension 'cmake'
[0.799s] Level 1:colcon.colcon_core.package_identification:_identify(.) by extension 'python'
[0.799s] Level 1:colcon.colcon_core.package_identification:_identify(.) by extensions ['python_setup_py']
[0.799s] Level 1:colcon.colcon_core.package_identification:_identify(.) by extension 'python_setup_py'
[0.799s] Level 1:colcon.colcon_core.package_identification:_identify(build) by extensions ['ignore', 'ignore_ament_install']
[0.799s] Level 1:colcon.colcon_core.package_identification:_identify(build) by extension 'ignore'
[0.799s] Level 1:colcon.colcon_core.package_identification:_identify(build) ignored
[0.799s] Level 1:colcon.colcon_core.package_identification:_identify(install) by extensions ['ignore', 'ignore_ament_install']
[0.800s] Level 1:colcon.colcon_core.package_identification:_identify(install) by extension 'ignore'
[0.800s] Level 1:colcon.colcon_core.package_identification:_identify(install) ignored
[0.800s] Level 1:colcon.colcon_core.package_identification:_identify(log) by extensions ['ignore', 'ignore_ament_install']
[0.800s] Level 1:colcon.colcon_core.package_identification:_identify(log) by extension 'ignore'
[0.800s] Level 1:colcon.colcon_core.package_identification:_identify(log) ignored
[0.800s] Level 1:colcon.colcon_core.package_identification:_identify(src) by extensions ['ignore', 'ignore_ament_install']
[0.800s] Level 1:colcon.colcon_core.package_identification:_identify(src) by extension 'ignore'
[0.800s] Level 1:colcon.colcon_core.package_identification:_identify(src) by extension 'ignore_ament_install'
[0.800s] Level 1:colcon.colcon_core.package_identification:_identify(src) by extensions ['colcon_pkg']
[0.800s] Level 1:colcon.colcon_core.package_identification:_identify(src) by extension 'colcon_pkg'
[0.800s] Level 1:colcon.colcon_core.package_identification:_identify(src) by extensions ['colcon_meta']
[0.800s] Level 1:colcon.colcon_core.package_identification:_identify(src) by extension 'colcon_meta'
[0.800s] Level 1:colcon.colcon_core.package_identification:_identify(src) by extensions ['ros']
[0.800s] Level 1:colcon.colcon_core.package_identification:_identify(src) by extension 'ros'
[0.800s] Level 1:colcon.colcon_core.package_identification:_identify(src) by extensions ['cmake', 'python']
[0.800s] Level 1:colcon.colcon_core.package_identification:_identify(src) by extension 'cmake'
[0.800s] Level 1:colcon.colcon_core.package_identification:_identify(src) by extension 'python'
[0.800s] Level 1:colcon.colcon_core.package_identification:_identify(src) by extensions ['python_setup_py']
[0.800s] Level 1:colcon.colcon_core.package_identification:_identify(src) by extension 'python_setup_py'
[0.800s] Level 1:colcon.colcon_core.package_identification:_identify(src/action_interfaces) by extensions ['ignore', 'ignore_ament_install']
[0.800s] Level 1:colcon.colcon_core.package_identification:_identify(src/action_interfaces) by extension 'ignore'
[0.801s] Level 1:colcon.colcon_core.package_identification:_identify(src/action_interfaces) by extension 'ignore_ament_install'
[0.801s] Level 1:colcon.colcon_core.package_identification:_identify(src/action_interfaces) by extensions ['colcon_pkg']
[0.801s] Level 1:colcon.colcon_core.package_identification:_identify(src/action_interfaces) by extension 'colcon_pkg'
[0.801s] Level 1:colcon.colcon_core.package_identification:_identify(src/action_interfaces) by extensions ['colcon_meta']
[0.801s] Level 1:colcon.colcon_core.package_identification:_identify(src/action_interfaces) by extension 'colcon_meta'
[0.801s] Level 1:colcon.colcon_core.package_identification:_identify(src/action_interfaces) by extensions ['ros']
[0.801s] Level 1:colcon.colcon_core.package_identification:_identify(src/action_interfaces) by extension 'ros'
[0.803s] DEBUG:colcon.colcon_core.package_identification:Package 'src/action_interfaces' with type 'ros.ament_cmake' and name 'action_interfaces'
[0.803s] Level 1:colcon.colcon_core.package_identification:_identify(src/fleet_management) by extensions ['ignore', 'ignore_ament_install']
[0.803s] Level 1:colcon.colcon_core.package_identification:_identify(src/fleet_management) by extension 'ignore'
[0.804s] Level 1:colcon.colcon_core.package_identification:_identify(src/fleet_management) by extension 'ignore_ament_install'
[0.804s] Level 1:colcon.colcon_core.package_identification:_identify(src/fleet_management) by extensions ['colcon_pkg']
[0.804s] Level 1:colcon.colcon_core.package_identification:_identify(src/fleet_management) by extension 'colcon_pkg'
[0.804s] Level 1:colcon.colcon_core.package_identification:_identify(src/fleet_management) by extensions ['colcon_meta']
[0.804s] Level 1:colcon.colcon_core.package_identification:_identify(src/fleet_management) by extension 'colcon_meta'
[0.804s] Level 1:colcon.colcon_core.package_identification:_identify(src/fleet_management) by extensions ['ros']
[0.804s] Level 1:colcon.colcon_core.package_identification:_identify(src/fleet_management) by extension 'ros'
[0.804s] DEBUG:colcon.colcon_core.package_identification:Package 'src/fleet_management' with type 'ros.ament_python' and name 'fleet_management'
[0.804s] Level 1:colcon.colcon_core.package_discovery:discover_packages(recursive) using defaults
[0.804s] Level 1:colcon.colcon_core.package_discovery:discover_packages(ignore) discover
[0.804s] Level 1:colcon.colcon_core.package_discovery:discover_packages(ignore) using defaults
[0.804s] Level 1:colcon.colcon_core.package_discovery:discover_packages(path) discover
[0.804s] Level 1:colcon.colcon_core.package_discovery:discover_packages(path) using defaults
[0.878s] Level 1:colcon.colcon_core.package_discovery:discover_packages(prefix_path) check parameters
[0.878s] Level 1:colcon.colcon_core.package_discovery:discover_packages(prefix_path) discover
[0.902s] DEBUG:colcon.colcon_installed_package_information.package_discovery:Found 270 installed packages in /opt/ros/humble
[0.903s] Level 1:colcon.colcon_core.package_discovery:discover_packages(prefix_path) using defaults
[0.977s] Level 5:colcon.colcon_core.verb:set package 'action_interfaces' build argument 'cmake_args' from command line to 'None'
[0.977s] Level 5:colcon.colcon_core.verb:set package 'action_interfaces' build argument 'cmake_target' from command line to 'None'
[0.977s] Level 5:colcon.colcon_core.verb:set package 'action_interfaces' build argument 'cmake_target_skip_unavailable' from command line to 'False'
[0.977s] Level 5:colcon.colcon_core.verb:set package 'action_interfaces' build argument 'cmake_clean_cache' from command line to 'False'
[0.977s] Level 5:colcon.colcon_core.verb:set package 'action_interfaces' build argument 'cmake_clean_first' from command line to 'False'
[0.977s] Level 5:colcon.colcon_core.verb:set package 'action_interfaces' build argument 'cmake_force_configure' from command line to 'False'
[0.977s] Level 5:colcon.colcon_core.verb:set package 'action_interfaces' build argument 'ament_cmake_args' from command line to 'None'
[0.977s] Level 5:colcon.colcon_core.verb:set package 'action_interfaces' build argument 'catkin_cmake_args' from command line to 'None'
[0.977s] Level 5:colcon.colcon_core.verb:set package 'action_interfaces' build argument 'catkin_skip_building_tests' from command line to 'False'
[0.977s] DEBUG:colcon.colcon_core.verb:Building package 'action_interfaces' with the following arguments: {'ament_cmake_args': None, 'build_base': '/home/zheka/Fleet-Management-System/ros2_ws/build/action_interfaces', 'catkin_cmake_args': None, 'catkin_skip_building_tests': False, 'cmake_args': None, 'cmake_clean_cache': False, 'cmake_clean_first': False, 'cmake_force_configure': False, 'cmake_target': None, 'cmake_target_skip_unavailable': False, 'install_base': '/home/zheka/Fleet-Management-System/ros2_ws/install/action_interfaces', 'merge_install': False, 'path': '/home/zheka/Fleet-Management-System/ros2_ws/src/action_interfaces', 'symlink_install': False, 'test_result_base': None}
[0.989s] Level 5:colcon.colcon_core.verb:set package 'fleet_management' build argument 'cmake_args' from command line to 'None'
[0.989s] Level 5:colcon.colcon_core.verb:set package 'fleet_management' build argument 'cmake_target' from command line to 'None'
[0.989s] Level 5:colcon.colcon_core.verb:set package 'fleet_management' build argument 'cmake_target_skip_unavailable' from command line to 'False'
[0.989s] Level 5:colcon.colcon_core.verb:set package 'fleet_management' build argument 'cmake_clean_cache' from command line to 'False'
[0.989s] Level 5:colcon.colcon_core.verb:set package 'fleet_management' build argument 'cmake_clean_first' from command line to 'False'
[0.989s] Level 5:colcon.colcon_core.verb:set package 'fleet_management' build argument 'cmake_force_configure' from command line to 'False'
[0.989s] Level 5:colcon.colcon_core.verb:set package 'fleet_management' build argument 'ament_cmake_args' from command line to 'None'
[0.989s] Level 5:colcon.colcon_core.verb:set package 'fleet_management' build argument 'catkin_cmake_args' from command line to 'None'
[0.989s] Level 5:colcon.colcon_core.verb:set package 'fleet_management' build argument 'catkin_skip_building_tests' from command line to 'False'
[0.989s] DEBUG:colcon.colcon_core.verb:Building package 'fleet_management' with the following arguments: {'ament_cmake_args': None, 'build_base': '/home/zheka/Fleet-Management-System/ros2_ws/build/fleet_management', 'catkin_cmake_args': None, 'catkin_skip_building_tests': False, 'cmake_args': None, 'cmake_clean_cache': False, 'cmake_clean_first': False, 'cmake_force_configure': False, 'cmake_target': None, 'cmake_target_skip_unavailable': False, 'install_base': '/home/zheka/Fleet-Management-System/ros2_ws/install/fleet_management', 'merge_install': False, 'path': '/home/zheka/Fleet-Management-System/ros2_ws/src/fleet_management', 'symlink_install': False, 'test_result_base': None}
[1.000s] INFO:colcon.colcon_core.executor:Executing jobs using 'parallel' executor
[1.012s] DEBUG:colcon.colcon_parallel_executor.executor.parallel:run_until_complete
[1.013s] INFO:colcon.colcon_ros.task.ament_cmake.build:Building ROS package in '/home/zheka/Fleet-Management-System/ros2_ws/src/action_interfaces' with build type 'ament_cmake'
[1.013s] INFO:colcon.colcon_cmake.task.cmake.build:Building CMake package in '/home/zheka/Fleet-Management-System/ros2_ws/src/action_interfaces'
[1.026s] INFO:colcon.colcon_core.plugin_system:Skipping extension 'colcon_core.shell.bat': Not used on non-Windows systems
[1.026s] INFO:colcon.colcon_core.shell:Skip shell extension 'powershell' for command environment: Not usable outside of PowerShell
[1.026s] DEBUG:colcon.colcon_core.shell:Skip shell extension 'dsv' for command environment
[1.057s] DEBUG:colcon.colcon_core.event_handler.log_command:Invoking command in '/home/zheka/Fleet-Management-System/ros2_ws/build/action_interfaces': CMAKE_PREFIX_PATH=/opt/ros/humble /usr/bin/cmake --build /home/zheka/Fleet-Management-System/ros2_ws/build/action_interfaces -- -j4 -l4
[1.352s] DEBUG:colcon.colcon_core.event_handler.log_command:Invoked command in '/home/zheka/Fleet-Management-System/ros2_ws/build/action_interfaces' returned '0': CMAKE_PREFIX_PATH=/opt/ros/humble /usr/bin/cmake --build /home/zheka/Fleet-Management-System/ros2_ws/build/action_interfaces -- -j4 -l4
[1.410s] DEBUG:colcon.colcon_core.event_handler.log_command:Invoking command in '/home/zheka/Fleet-Management-System/ros2_ws/build/action_interfaces': CMAKE_PREFIX_PATH=/opt/ros/humble /usr/bin/cmake --install /home/zheka/Fleet-Management-System/ros2_ws/build/action_interfaces
[1.456s] Level 1:colcon.colcon_core.environment:create_environment_scripts_only(action_interfaces)
[1.459s] DEBUG:colcon.colcon_core.event_handler.log_command:Invoked command in '/home/zheka/Fleet-Management-System/ros2_ws/build/action_interfaces' returned '0': CMAKE_PREFIX_PATH=/opt/ros/humble /usr/bin/cmake --install /home/zheka/Fleet-Management-System/ros2_ws/build/action_interfaces
[1.470s] Level 1:colcon.colcon_core.environment:checking '/home/zheka/Fleet-Management-System/ros2_ws/install/action_interfaces' for CMake module files
[1.470s] Level 1:colcon.colcon_core.environment:checking '/home/zheka/Fleet-Management-System/ros2_ws/install/action_interfaces' for CMake config files
[1.471s] Level 1:colcon.colcon_core.shell:create_environment_hook('action_interfaces', 'cmake_prefix_path')
[1.482s] INFO:colcon.colcon_core.shell:Creating environment hook '/home/zheka/Fleet-Management-System/ros2_ws/install/action_interfaces/share/action_interfaces/hook/cmake_prefix_path.ps1'
[1.483s] INFO:colcon.colcon_core.shell:Creating environment descriptor '/home/zheka/Fleet-Management-System/ros2_ws/install/action_interfaces/share/action_interfaces/hook/cmake_prefix_path.dsv'
[1.483s] INFO:colcon.colcon_core.shell:Creating environment hook '/home/zheka/Fleet-Management-System/ros2_ws/install/action_interfaces/share/action_interfaces/hook/cmake_prefix_path.sh'
[1.484s] Level 1:colcon.colcon_core.environment:checking '/home/zheka/Fleet-Management-System/ros2_ws/install/action_interfaces/lib'
[1.484s] Level 1:colcon.colcon_core.shell:create_environment_hook('action_interfaces', 'ld_library_path_lib')
[1.498s] INFO:colcon.colcon_core.shell:Creating environment hook '/home/zheka/Fleet-Management-System/ros2_ws/install/action_interfaces/share/action_interfaces/hook/ld_library_path_lib.ps1'
[1.499s] INFO:colcon.colcon_core.shell:Creating environment descriptor '/home/zheka/Fleet-Management-System/ros2_ws/install/action_interfaces/share/action_interfaces/hook/ld_library_path_lib.dsv'
[1.499s] INFO:colcon.colcon_core.shell:Creating environment hook '/home/zheka/Fleet-Management-System/ros2_ws/install/action_interfaces/share/action_interfaces/hook/ld_library_path_lib.sh'
[1.500s] Level 1:colcon.colcon_core.environment:checking '/home/zheka/Fleet-Management-System/ros2_ws/install/action_interfaces/bin'
[1.500s] Level 1:colcon.colcon_core.environment:checking '/home/zheka/Fleet-Management-System/ros2_ws/install/action_interfaces/lib/pkgconfig/action_interfaces.pc'
[1.500s] Level 1:colcon.colcon_core.environment:checking '/home/zheka/Fleet-Management-System/ros2_ws/install/action_interfaces/lib/python3.10/site-packages'
[1.500s] Level 1:colcon.colcon_core.environment:checking '/home/zheka/Fleet-Management-System/ros2_ws/install/action_interfaces/bin'
[1.511s] INFO:colcon.colcon_core.shell:Creating package script '/home/zheka/Fleet-Management-System/ros2_ws/install/action_interfaces/share/action_interfaces/package.ps1'
[1.512s] INFO:colcon.colcon_core.shell:Creating package descriptor '/home/zheka/Fleet-Management-System/ros2_ws/install/action_interfaces/share/action_interfaces/package.dsv'
[1.513s] INFO:colcon.colcon_core.shell:Creating package script '/home/zheka/Fleet-Management-System/ros2_ws/install/action_interfaces/share/action_interfaces/package.sh'
[1.513s] INFO:colcon.colcon_core.shell:Creating package script '/home/zheka/Fleet-Management-System/ros2_ws/install/action_interfaces/share/action_interfaces/package.bash'
[1.514s] INFO:colcon.colcon_core.shell:Creating package script '/home/zheka/Fleet-Management-System/ros2_ws/install/action_interfaces/share/action_interfaces/package.zsh'
[1.514s] Level 1:colcon.colcon_core.environment:create_file_with_runtime_dependencies(/home/zheka/Fleet-Management-System/ros2_ws/install/action_interfaces/share/colcon-core/packages/action_interfaces)
[1.583s] Level 1:colcon.colcon_core.environment:create_environment_scripts_only(action_interfaces)
[1.597s] Level 1:colcon.colcon_core.environment:checking '/home/zheka/Fleet-Management-System/ros2_ws/install/action_interfaces' for CMake module files
[1.598s] Level 1:colcon.colcon_core.environment:checking '/home/zheka/Fleet-Management-System/ros2_ws/install/action_interfaces' for CMake config files
[1.598s] Level 1:colcon.colcon_core.shell:create_environment_hook('action_interfaces', 'cmake_prefix_path')
[1.611s] INFO:colcon.colcon_core.shell:Creating environment hook '/home/zheka/Fleet-Management-System/ros2_ws/install/action_interfaces/share/action_interfaces/hook/cmake_prefix_path.ps1'
[1.611s] INFO:colcon.colcon_core.shell:Creating environment descriptor '/home/zheka/Fleet-Management-System/ros2_ws/install/action_interfaces/share/action_interfaces/hook/cmake_prefix_path.dsv'
[1.612s] INFO:colcon.colcon_core.shell:Creating environment hook '/home/zheka/Fleet-Management-System/ros2_ws/install/action_interfaces/share/action_interfaces/hook/cmake_prefix_path.sh'
[1.612s] Level 1:colcon.colcon_core.environment:checking '/home/zheka/Fleet-Management-System/ros2_ws/install/action_interfaces/lib'
[1.612s] Level 1:colcon.colcon_core.shell:create_environment_hook('action_interfaces', 'ld_library_path_lib')
[1.623s] INFO:colcon.colcon_core.shell:Creating environment hook '/home/zheka/Fleet-Management-System/ros2_ws/install/action_interfaces/share/action_interfaces/hook/ld_library_path_lib.ps1'
[1.624s] INFO:colcon.colcon_core.shell:Creating environment descriptor '/home/zheka/Fleet-Management-System/ros2_ws/install/action_interfaces/share/action_interfaces/hook/ld_library_path_lib.dsv'
[1.624s] INFO:colcon.colcon_core.shell:Creating environment hook '/home/zheka/Fleet-Management-System/ros2_ws/install/action_interfaces/share/action_interfaces/hook/ld_library_path_lib.sh'
[1.625s] Level 1:colcon.colcon_core.environment:checking '/home/zheka/Fleet-Management-System/ros2_ws/install/action_interfaces/bin'
[1.625s] Level 1:colcon.colcon_core.environment:checking '/home/zheka/Fleet-Management-System/ros2_ws/install/action_interfaces/lib/pkgconfig/action_interfaces.pc'
[1.625s] Level 1:colcon.colcon_core.environment:checking '/home/zheka/Fleet-Management-System/ros2_ws/install/action_interfaces/lib/python3.10/site-packages'
[1.625s] Level 1:colcon.colcon_core.environment:checking '/home/zheka/Fleet-Management-System/ros2_ws/install/action_interfaces/bin'
[1.636s] INFO:colcon.colcon_core.shell:Creating package script '/home/zheka/Fleet-Management-System/ros2_ws/install/action_interfaces/share/action_interfaces/package.ps1'
[1.637s] INFO:colcon.colcon_core.shell:Creating package descriptor '/home/zheka/Fleet-Management-System/ros2_ws/install/action_interfaces/share/action_interfaces/package.dsv'
[1.637s] INFO:colcon.colcon_core.shell:Creating package script '/home/zheka/Fleet-Management-System/ros2_ws/install/action_interfaces/share/action_interfaces/package.sh'
[1.637s] INFO:colcon.colcon_core.shell:Creating package script '/home/zheka/Fleet-Management-System/ros2_ws/install/action_interfaces/share/action_interfaces/package.bash'
[1.638s] INFO:colcon.colcon_core.shell:Creating package script '/home/zheka/Fleet-Management-System/ros2_ws/install/action_interfaces/share/action_interfaces/package.zsh'
[1.638s] Level 1:colcon.colcon_core.environment:create_file_with_runtime_dependencies(/home/zheka/Fleet-Management-System/ros2_ws/install/action_interfaces/share/colcon-core/packages/action_interfaces)
[1.639s] INFO:colcon.colcon_ros.task.ament_python.build:Building ROS package in '/home/zheka/Fleet-Management-System/ros2_ws/src/fleet_management' with build type 'ament_python'
[1.639s] Level 1:colcon.colcon_core.shell:create_environment_hook('fleet_management', 'ament_prefix_path')
[1.653s] INFO:colcon.colcon_core.shell:Creating environment hook '/home/zheka/Fleet-Management-System/ros2_ws/install/fleet_management/share/fleet_management/hook/ament_prefix_path.ps1'
[1.654s] INFO:colcon.colcon_core.shell:Creating environment descriptor '/home/zheka/Fleet-Management-System/ros2_ws/install/fleet_management/share/fleet_management/hook/ament_prefix_path.dsv'
[1.654s] INFO:colcon.colcon_core.shell:Creating environment hook '/home/zheka/Fleet-Management-System/ros2_ws/install/fleet_management/share/fleet_management/hook/ament_prefix_path.sh'
[1.665s] INFO:colcon.colcon_core.shell:Skip shell extension 'powershell' for command environment: Not usable outside of PowerShell
[1.665s] DEBUG:colcon.colcon_core.shell:Skip shell extension 'dsv' for command environment
[1.891s] INFO:colcon.colcon_core.task.python.build:Building Python package in '/home/zheka/Fleet-Management-System/ros2_ws/src/fleet_management'
[1.903s] INFO:colcon.colcon_core.shell:Skip shell extension 'powershell' for command environment: Not usable outside of PowerShell
[1.903s] DEBUG:colcon.colcon_core.shell:Skip shell extension 'dsv' for command environment
[2.211s] DEBUG:colcon.colcon_core.event_handler.log_command:Invoking command in '/home/zheka/Fleet-Management-System/ros2_ws/src/fleet_management': AMENT_PREFIX_PATH=/home/zheka/Fleet-Management-System/ros2_ws/install/action_interfaces:${AMENT_PREFIX_PATH} CMAKE_PREFIX_PATH=/home/zheka/Fleet-Management-System/ros2_ws/install/action_interfaces LD_LIBRARY_PATH=/home/zheka/Fleet-Management-System/ros2_ws/install/action_interfaces/lib:${LD_LIBRARY_PATH} PYTHONPATH=/home/zheka/Fleet-Management-System/ros2_ws/build/fleet_management/prefix_override:/home/zheka/Fleet-Management-System/ros2_ws/install/fleet_management/lib/python3.10/site-packages:/home/zheka/Fleet-Management-System/ros2_ws/install/action_interfaces/local/lib/python3.10/dist-packages:${PYTHONPATH} /usr/bin/python3 setup.py egg_info --egg-base ../../build/fleet_management build --build-base /home/zheka/Fleet-Management-System/ros2_ws/build/fleet_management/build install --record /home/zheka/Fleet-Management-System/ros2_ws/build/fleet_management/install.log --single-version-externally-managed
[2.451s] DEBUG:colcon.colcon_core.event_handler.log_command:Invoked command in '/home/zheka/Fleet-Management-System/ros2_ws/src/fleet_management' returned '0': AMENT_PREFIX_PATH=/home/zheka/Fleet-Management-System/ros2_ws/install/action_interfaces:${AMENT_PREFIX_PATH} CMAKE_PREFIX_PATH=/home/zheka/Fleet-Management-System/ros2_ws/install/action_interfaces LD_LIBRARY_PATH=/home/zheka/Fleet-Management-System/ros2_ws/install/action_interfaces/lib:${LD_LIBRARY_PATH} PYTHONPATH=/home/zheka/Fleet-Management-System/ros2_ws/build/fleet_management/prefix_override:/home/zheka/Fleet-Management-System/ros2_ws/install/fleet_management/lib/python3.10/site-packages:/home/zheka/Fleet-Management-System/ros2_ws/install/action_interfaces/local/lib/python3.10/dist-packages:${PYTHONPATH} /usr/bin/python3 setup.py egg_info --egg-base ../../build/fleet_management build --build-base /home/zheka/Fleet-Management-System/ros2_ws/build/fleet_management/build install --record /home/zheka/Fleet-Management-System/ros2_ws/build/fleet_management/install.log --single-version-externally-managed
[2.463s] Level 1:colcon.colcon_core.environment:checking '/home/zheka/Fleet-Management-System/ros2_ws/install/fleet_management' for CMake module files
[2.463s] Level 1:colcon.colcon_core.environment:checking '/home/zheka/Fleet-Management-System/ros2_ws/install/fleet_management' for CMake config files
[2.464s] Level 1:colcon.colcon_core.environment:checking '/home/zheka/Fleet-Management-System/ros2_ws/install/fleet_management/lib'
[2.464s] Level 1:colcon.colcon_core.environment:checking '/home/zheka/Fleet-Management-System/ros2_ws/install/fleet_management/bin'
[2.464s] Level 1:colcon.colcon_core.environment:checking '/home/zheka/Fleet-Management-System/ros2_ws/install/fleet_management/lib/pkgconfig/fleet_management.pc'
[2.464s] Level 1:colcon.colcon_core.environment:checking '/home/zheka/Fleet-Management-System/ros2_ws/install/fleet_management/lib/python3.10/site-packages'
[2.464s] Level 1:colcon.colcon_core.shell:create_environment_hook('fleet_management', 'pythonpath')
[2.475s] INFO:colcon.colcon_core.shell:Creating environment hook '/home/zheka/Fleet-Management-System/ros2_ws/install/fleet_management/share/fleet_management/hook/pythonpath.ps1'
[2.476s] INFO:colcon.colcon_core.shell:Creating environment descriptor '/home/zheka/Fleet-Management-System/ros2_ws/install/fleet_management/share/fleet_management/hook/pythonpath.dsv'
[2.476s] INFO:colcon.colcon_core.shell:Creating environment hook '/home/zheka/Fleet-Management-System/ros2_ws/install/fleet_management/share/fleet_management/hook/pythonpath.sh'
[2.477s] Level 1:colcon.colcon_core.environment:checking '/home/zheka/Fleet-Management-System/ros2_ws/install/fleet_management/bin'
[2.477s] Level 1:colcon.colcon_core.environment:create_environment_scripts_only(fleet_management)
[2.488s] INFO:colcon.colcon_core.shell:Creating package script '/home/zheka/Fleet-Management-System/ros2_ws/install/fleet_management/share/fleet_management/package.ps1'
[2.489s] INFO:colcon.colcon_core.shell:Creating package descriptor '/home/zheka/Fleet-Management-System/ros2_ws/install/fleet_management/share/fleet_management/package.dsv'
[2.489s] INFO:colcon.colcon_core.shell:Creating package script '/home/zheka/Fleet-Management-System/ros2_ws/install/fleet_management/share/fleet_management/package.sh'
[2.489s] INFO:colcon.colcon_core.shell:Creating package script '/home/zheka/Fleet-Management-System/ros2_ws/install/fleet_management/share/fleet_management/package.bash'
[2.490s] INFO:colcon.colcon_core.shell:Creating package script '/home/zheka/Fleet-Management-System/ros2_ws/install/fleet_management/share/fleet_management/package.zsh'
[2.490s] Level 1:colcon.colcon_core.environment:create_file_with_runtime_dependencies(/home/zheka/Fleet-Management-System/ros2_ws/install/fleet_management/share/colcon-core/packages/fleet_management)
[2.490s] DEBUG:colcon.colcon_parallel_executor.executor.parallel:closing loop
[2.491s] DEBUG:colcon.colcon_parallel_executor.executor.parallel:loop closed
[2.491s] DEBUG:colcon.colcon_parallel_executor.executor.parallel:run_until_complete finished with '0'
[2.491s] DEBUG:colcon.colcon_core.event_reactor:joining thread
[2.506s] INFO:colcon.colcon_core.plugin_system:Skipping extension 'colcon_notification.desktop_notification.terminal_notifier': Not used on non-Darwin systems
[2.507s] INFO:colcon.colcon_core.plugin_system:Skipping extension 'colcon_notification.desktop_notification.win32': Not used on non-Windows systems
[2.507s] INFO:colcon.colcon_notification.desktop_notification:Sending desktop notification using 'notify2'
[2.516s] DEBUG:colcon.colcon_core.event_reactor:joined thread
[2.530s] INFO:colcon.colcon_core.shell:Creating prefix script '/home/zheka/Fleet-Management-System/ros2_ws/install/local_setup.ps1'
[2.531s] INFO:colcon.colcon_core.shell:Creating prefix util module '/home/zheka/Fleet-Management-System/ros2_ws/install/_local_setup_util_ps1.py'
[2.532s] INFO:colcon.colcon_core.shell:Creating prefix chain script '/home/zheka/Fleet-Management-System/ros2_ws/install/setup.ps1'
[2.545s] INFO:colcon.colcon_core.shell:Creating prefix script '/home/zheka/Fleet-Management-System/ros2_ws/install/local_setup.sh'
[2.546s] INFO:colcon.colcon_core.shell:Creating prefix util module '/home/zheka/Fleet-Management-System/ros2_ws/install/_local_setup_util_sh.py'
[2.547s] INFO:colcon.colcon_core.shell:Creating prefix chain script '/home/zheka/Fleet-Management-System/ros2_ws/install/setup.sh'
[2.561s] INFO:colcon.colcon_core.shell:Creating prefix script '/home/zheka/Fleet-Management-System/ros2_ws/install/local_setup.bash'
[2.561s] INFO:colcon.colcon_core.shell:Creating prefix chain script '/home/zheka/Fleet-Management-System/ros2_ws/install/setup.bash'
[2.574s] INFO:colcon.colcon_core.shell:Creating prefix script '/home/zheka/Fleet-Management-System/ros2_ws/install/local_setup.zsh'
[2.575s] INFO:colcon.colcon_core.shell:Creating prefix chain script '/home/zheka/Fleet-Management-System/ros2_ws/install/setup.zsh'
