[0.043s] Invoking command in '/home/zheka/Fleet-Management-System/ros2_ws/build/action_interfaces': CMAKE_PREFIX_PATH=/opt/ros/humble /usr/bin/cmake --build /home/zheka/Fleet-Management-System/ros2_ws/build/action_interfaces -- -j4 -l4
[0.085s] [  9%] Built target action_interfaces__rosidl_generator_c
[0.086s] [ 12%] Built target action_interfaces__cpp
[0.095s] [ 12%] Built target ament_cmake_python_copy_action_interfaces
[0.106s] [ 22%] Built target action_interfaces__rosidl_typesupport_c
[0.110s] [ 32%] Built target action_interfaces__rosidl_typesupport_introspection_c
[0.115s] [ 41%] Built target action_interfaces__rosidl_typesupport_fastrtps_c
[0.115s] [ 51%] Built target action_interfaces__rosidl_typesupport_fastrtps_cpp
[0.128s] [ 61%] Built target action_interfaces__rosidl_typesupport_introspection_cpp
[0.135s] [ 70%] Built target action_interfaces__rosidl_typesupport_cpp
[0.154s] [ 70%] Built target action_interfaces
[0.172s] [ 74%] Built target action_interfaces__py
[0.191s] [ 80%] Built target action_interfaces__rosidl_generator_py
[0.211s] [ 87%] Built target action_interfaces__rosidl_typesupport_fastrtps_c__pyext
[0.211s] [100%] Built target action_interfaces__rosidl_typesupport_introspection_c__pyext
[0.211s] [100%] Built target action_interfaces__rosidl_typesupport_c__pyext
[0.300s] running egg_info
[0.301s] writing action_interfaces.egg-info/PKG-INFO
[0.301s] writing dependency_links to action_interfaces.egg-info/dependency_links.txt
[0.302s] writing top-level names to action_interfaces.egg-info/top_level.txt
[0.304s] reading manifest file 'action_interfaces.egg-info/SOURCES.txt'
[0.304s] writing manifest file 'action_interfaces.egg-info/SOURCES.txt'
[0.325s] [100%] Built target ament_cmake_python_build_action_interfaces_egg
[0.334s] Invoked command in '/home/zheka/Fleet-Management-System/ros2_ws/build/action_interfaces' returned '0': CMAKE_PREFIX_PATH=/opt/ros/humble /usr/bin/cmake --build /home/zheka/Fleet-Management-System/ros2_ws/build/action_interfaces -- -j4 -l4
[0.392s] Invoking command in '/home/zheka/Fleet-Management-System/ros2_ws/build/action_interfaces': CMAKE_PREFIX_PATH=/opt/ros/humble /usr/bin/cmake --install /home/zheka/Fleet-Management-System/ros2_ws/build/action_interfaces
[0.398s] -- Install configuration: ""
[0.398s] -- Up-to-date: /home/zheka/Fleet-Management-System/ros2_ws/install/action_interfaces/share/ament_index/resource_index/rosidl_interfaces/action_interfaces
[0.398s] -- Up-to-date: /home/zheka/Fleet-Management-System/ros2_ws/install/action_interfaces/include/action_interfaces/action_interfaces
[0.398s] -- Up-to-date: /home/zheka/Fleet-Management-System/ros2_ws/install/action_interfaces/include/action_interfaces/action_interfaces/action
[0.399s] -- Up-to-date: /home/zheka/Fleet-Management-System/ros2_ws/install/action_interfaces/include/action_interfaces/action_interfaces/action/detail
[0.399s] -- Up-to-date: /home/zheka/Fleet-Management-System/ros2_ws/install/action_interfaces/include/action_interfaces/action_interfaces/action/detail/fleet_management__type_support.h
[0.399s] -- Up-to-date: /home/zheka/Fleet-Management-System/ros2_ws/install/action_interfaces/include/action_interfaces/action_interfaces/action/detail/fleet_management__functions.h
[0.399s] -- Up-to-date: /home/zheka/Fleet-Management-System/ros2_ws/install/action_interfaces/include/action_interfaces/action_interfaces/action/detail/fleet_management__struct.h
[0.399s] -- Up-to-date: /home/zheka/Fleet-Management-System/ros2_ws/install/action_interfaces/include/action_interfaces/action_interfaces/action/detail/fleet_management__functions.c
[0.399s] -- Up-to-date: /home/zheka/Fleet-Management-System/ros2_ws/install/action_interfaces/include/action_interfaces/action_interfaces/action/fleet_management.h
[0.400s] -- Up-to-date: /home/zheka/Fleet-Management-System/ros2_ws/install/action_interfaces/include/action_interfaces/action_interfaces/msg
[0.400s] -- Up-to-date: /home/zheka/Fleet-Management-System/ros2_ws/install/action_interfaces/include/action_interfaces/action_interfaces/msg/rosidl_generator_c__visibility_control.h
[0.400s] -- Up-to-date: /home/zheka/Fleet-Management-System/ros2_ws/install/action_interfaces/share/action_interfaces/environment/library_path.sh
[0.400s] -- Up-to-date: /home/zheka/Fleet-Management-System/ros2_ws/install/action_interfaces/share/action_interfaces/environment/library_path.dsv
[0.401s] -- Up-to-date: /home/zheka/Fleet-Management-System/ros2_ws/install/action_interfaces/lib/libaction_interfaces__rosidl_generator_c.so
[0.401s] -- Up-to-date: /home/zheka/Fleet-Management-System/ros2_ws/install/action_interfaces/include/action_interfaces/action_interfaces
[0.401s] -- Up-to-date: /home/zheka/Fleet-Management-System/ros2_ws/install/action_interfaces/include/action_interfaces/action_interfaces/action
[0.401s] -- Up-to-date: /home/zheka/Fleet-Management-System/ros2_ws/install/action_interfaces/include/action_interfaces/action_interfaces/action/detail
[0.401s] -- Up-to-date: /home/zheka/Fleet-Management-System/ros2_ws/install/action_interfaces/include/action_interfaces/action_interfaces/action/detail/fleet_management__rosidl_typesupport_fastrtps_c.h
[0.402s] -- Up-to-date: /home/zheka/Fleet-Management-System/ros2_ws/install/action_interfaces/include/action_interfaces/action_interfaces/msg
[0.402s] -- Up-to-date: /home/zheka/Fleet-Management-System/ros2_ws/install/action_interfaces/include/action_interfaces/action_interfaces/msg/rosidl_typesupport_fastrtps_c__visibility_control.h
[0.402s] -- Up-to-date: /home/zheka/Fleet-Management-System/ros2_ws/install/action_interfaces/lib/libaction_interfaces__rosidl_typesupport_fastrtps_c.so
[0.402s] -- Up-to-date: /home/zheka/Fleet-Management-System/ros2_ws/install/action_interfaces/include/action_interfaces/action_interfaces
[0.403s] -- Up-to-date: /home/zheka/Fleet-Management-System/ros2_ws/install/action_interfaces/include/action_interfaces/action_interfaces/action
[0.403s] -- Up-to-date: /home/zheka/Fleet-Management-System/ros2_ws/install/action_interfaces/include/action_interfaces/action_interfaces/action/detail
[0.403s] -- Up-to-date: /home/zheka/Fleet-Management-System/ros2_ws/install/action_interfaces/include/action_interfaces/action_interfaces/action/detail/fleet_management__type_support.c
[0.403s] -- Up-to-date: /home/zheka/Fleet-Management-System/ros2_ws/install/action_interfaces/include/action_interfaces/action_interfaces/action/detail/fleet_management__rosidl_typesupport_introspection_c.h
[0.403s] -- Up-to-date: /home/zheka/Fleet-Management-System/ros2_ws/install/action_interfaces/include/action_interfaces/action_interfaces/msg
[0.403s] -- Up-to-date: /home/zheka/Fleet-Management-System/ros2_ws/install/action_interfaces/include/action_interfaces/action_interfaces/msg/rosidl_typesupport_introspection_c__visibility_control.h
[0.403s] -- Up-to-date: /home/zheka/Fleet-Management-System/ros2_ws/install/action_interfaces/lib/libaction_interfaces__rosidl_typesupport_introspection_c.so
[0.404s] -- Up-to-date: /home/zheka/Fleet-Management-System/ros2_ws/install/action_interfaces/lib/libaction_interfaces__rosidl_typesupport_c.so
[0.404s] -- Up-to-date: /home/zheka/Fleet-Management-System/ros2_ws/install/action_interfaces/include/action_interfaces/action_interfaces
[0.404s] -- Up-to-date: /home/zheka/Fleet-Management-System/ros2_ws/install/action_interfaces/include/action_interfaces/action_interfaces/action
[0.404s] -- Up-to-date: /home/zheka/Fleet-Management-System/ros2_ws/install/action_interfaces/include/action_interfaces/action_interfaces/action/detail
[0.404s] -- Up-to-date: /home/zheka/Fleet-Management-System/ros2_ws/install/action_interfaces/include/action_interfaces/action_interfaces/action/detail/fleet_management__traits.hpp
[0.404s] -- Up-to-date: /home/zheka/Fleet-Management-System/ros2_ws/install/action_interfaces/include/action_interfaces/action_interfaces/action/detail/fleet_management__builder.hpp
[0.405s] -- Up-to-date: /home/zheka/Fleet-Management-System/ros2_ws/install/action_interfaces/include/action_interfaces/action_interfaces/action/detail/fleet_management__struct.hpp
[0.405s] -- Up-to-date: /home/zheka/Fleet-Management-System/ros2_ws/install/action_interfaces/include/action_interfaces/action_interfaces/action/fleet_management.hpp
[0.405s] -- Up-to-date: /home/zheka/Fleet-Management-System/ros2_ws/install/action_interfaces/include/action_interfaces/action_interfaces
[0.405s] -- Up-to-date: /home/zheka/Fleet-Management-System/ros2_ws/install/action_interfaces/include/action_interfaces/action_interfaces/action
[0.405s] -- Up-to-date: /home/zheka/Fleet-Management-System/ros2_ws/install/action_interfaces/include/action_interfaces/action_interfaces/action/detail
[0.405s] -- Up-to-date: /home/zheka/Fleet-Management-System/ros2_ws/install/action_interfaces/include/action_interfaces/action_interfaces/action/detail/fleet_management__rosidl_typesupport_fastrtps_cpp.hpp
[0.406s] -- Up-to-date: /home/zheka/Fleet-Management-System/ros2_ws/install/action_interfaces/include/action_interfaces/action_interfaces/action/detail/dds_fastrtps
[0.406s] -- Up-to-date: /home/zheka/Fleet-Management-System/ros2_ws/install/action_interfaces/include/action_interfaces/action_interfaces/msg
[0.406s] -- Up-to-date: /home/zheka/Fleet-Management-System/ros2_ws/install/action_interfaces/include/action_interfaces/action_interfaces/msg/rosidl_typesupport_fastrtps_cpp__visibility_control.h
[0.406s] -- Up-to-date: /home/zheka/Fleet-Management-System/ros2_ws/install/action_interfaces/lib/libaction_interfaces__rosidl_typesupport_fastrtps_cpp.so
[0.406s] -- Up-to-date: /home/zheka/Fleet-Management-System/ros2_ws/install/action_interfaces/include/action_interfaces/action_interfaces
[0.407s] -- Up-to-date: /home/zheka/Fleet-Management-System/ros2_ws/install/action_interfaces/include/action_interfaces/action_interfaces/action
[0.407s] -- Up-to-date: /home/zheka/Fleet-Management-System/ros2_ws/install/action_interfaces/include/action_interfaces/action_interfaces/action/detail
[0.407s] -- Up-to-date: /home/zheka/Fleet-Management-System/ros2_ws/install/action_interfaces/include/action_interfaces/action_interfaces/action/detail/fleet_management__type_support.cpp
[0.407s] -- Up-to-date: /home/zheka/Fleet-Management-System/ros2_ws/install/action_interfaces/include/action_interfaces/action_interfaces/action/detail/fleet_management__rosidl_typesupport_introspection_cpp.hpp
[0.407s] -- Up-to-date: /home/zheka/Fleet-Management-System/ros2_ws/install/action_interfaces/lib/libaction_interfaces__rosidl_typesupport_introspection_cpp.so
[0.408s] -- Up-to-date: /home/zheka/Fleet-Management-System/ros2_ws/install/action_interfaces/lib/libaction_interfaces__rosidl_typesupport_cpp.so
[0.408s] -- Up-to-date: /home/zheka/Fleet-Management-System/ros2_ws/install/action_interfaces/share/action_interfaces/environment/pythonpath.sh
[0.408s] -- Up-to-date: /home/zheka/Fleet-Management-System/ros2_ws/install/action_interfaces/share/action_interfaces/environment/pythonpath.dsv
[0.408s] -- Up-to-date: /home/zheka/Fleet-Management-System/ros2_ws/install/action_interfaces/local/lib/python3.10/dist-packages/action_interfaces-0.0.0-py3.10.egg-info
[0.408s] -- Installing: /home/zheka/Fleet-Management-System/ros2_ws/install/action_interfaces/local/lib/python3.10/dist-packages/action_interfaces-0.0.0-py3.10.egg-info/PKG-INFO
[0.409s] -- Installing: /home/zheka/Fleet-Management-System/ros2_ws/install/action_interfaces/local/lib/python3.10/dist-packages/action_interfaces-0.0.0-py3.10.egg-info/SOURCES.txt
[0.409s] -- Installing: /home/zheka/Fleet-Management-System/ros2_ws/install/action_interfaces/local/lib/python3.10/dist-packages/action_interfaces-0.0.0-py3.10.egg-info/top_level.txt
[0.409s] -- Installing: /home/zheka/Fleet-Management-System/ros2_ws/install/action_interfaces/local/lib/python3.10/dist-packages/action_interfaces-0.0.0-py3.10.egg-info/dependency_links.txt
[0.409s] -- Up-to-date: /home/zheka/Fleet-Management-System/ros2_ws/install/action_interfaces/local/lib/python3.10/dist-packages/action_interfaces
[0.409s] -- Up-to-date: /home/zheka/Fleet-Management-System/ros2_ws/install/action_interfaces/local/lib/python3.10/dist-packages/action_interfaces/__init__.py
[0.410s] -- Up-to-date: /home/zheka/Fleet-Management-System/ros2_ws/install/action_interfaces/local/lib/python3.10/dist-packages/action_interfaces/libaction_interfaces__rosidl_generator_py.so
[0.410s] -- Up-to-date: /home/zheka/Fleet-Management-System/ros2_ws/install/action_interfaces/local/lib/python3.10/dist-packages/action_interfaces/_action_interfaces_s.ep.rosidl_typesupport_fastrtps_c.c
[0.410s] -- Up-to-date: /home/zheka/Fleet-Management-System/ros2_ws/install/action_interfaces/local/lib/python3.10/dist-packages/action_interfaces/action
[0.410s] -- Up-to-date: /home/zheka/Fleet-Management-System/ros2_ws/install/action_interfaces/local/lib/python3.10/dist-packages/action_interfaces/action/__init__.py
[0.410s] -- Up-to-date: /home/zheka/Fleet-Management-System/ros2_ws/install/action_interfaces/local/lib/python3.10/dist-packages/action_interfaces/action/_fleet_management.py
[0.410s] -- Up-to-date: /home/zheka/Fleet-Management-System/ros2_ws/install/action_interfaces/local/lib/python3.10/dist-packages/action_interfaces/action/_fleet_management_s.c
[0.411s] -- Up-to-date: /home/zheka/Fleet-Management-System/ros2_ws/install/action_interfaces/local/lib/python3.10/dist-packages/action_interfaces/_action_interfaces_s.ep.rosidl_typesupport_introspection_c.c
[0.411s] -- Up-to-date: /home/zheka/Fleet-Management-System/ros2_ws/install/action_interfaces/local/lib/python3.10/dist-packages/action_interfaces/action_interfaces_s__rosidl_typesupport_introspection_c.cpython-310-x86_64-linux-gnu.so
[0.411s] -- Up-to-date: /home/zheka/Fleet-Management-System/ros2_ws/install/action_interfaces/local/lib/python3.10/dist-packages/action_interfaces/action_interfaces_s__rosidl_typesupport_fastrtps_c.cpython-310-x86_64-linux-gnu.so
[0.411s] -- Up-to-date: /home/zheka/Fleet-Management-System/ros2_ws/install/action_interfaces/local/lib/python3.10/dist-packages/action_interfaces/action_interfaces_s__rosidl_typesupport_c.cpython-310-x86_64-linux-gnu.so
[0.411s] -- Up-to-date: /home/zheka/Fleet-Management-System/ros2_ws/install/action_interfaces/local/lib/python3.10/dist-packages/action_interfaces/_action_interfaces_s.ep.rosidl_typesupport_c.c
[0.434s] Listing '/home/zheka/Fleet-Management-System/ros2_ws/install/action_interfaces/local/lib/python3.10/dist-packages/action_interfaces'...
[0.434s] Listing '/home/zheka/Fleet-Management-System/ros2_ws/install/action_interfaces/local/lib/python3.10/dist-packages/action_interfaces/action'...
[0.437s] -- Up-to-date: /home/zheka/Fleet-Management-System/ros2_ws/install/action_interfaces/local/lib/python3.10/dist-packages/action_interfaces/action_interfaces_s__rosidl_typesupport_fastrtps_c.cpython-310-x86_64-linux-gnu.so
[0.437s] -- Up-to-date: /home/zheka/Fleet-Management-System/ros2_ws/install/action_interfaces/local/lib/python3.10/dist-packages/action_interfaces/action_interfaces_s__rosidl_typesupport_introspection_c.cpython-310-x86_64-linux-gnu.so
[0.438s] -- Up-to-date: /home/zheka/Fleet-Management-System/ros2_ws/install/action_interfaces/local/lib/python3.10/dist-packages/action_interfaces/action_interfaces_s__rosidl_typesupport_c.cpython-310-x86_64-linux-gnu.so
[0.438s] -- Up-to-date: /home/zheka/Fleet-Management-System/ros2_ws/install/action_interfaces/lib/libaction_interfaces__rosidl_generator_py.so
[0.438s] -- Up-to-date: /home/zheka/Fleet-Management-System/ros2_ws/install/action_interfaces/share/action_interfaces/action/FleetManagement.idl
[0.438s] -- Up-to-date: /home/zheka/Fleet-Management-System/ros2_ws/install/action_interfaces/share/action_interfaces/action/FleetManagement.action
[0.439s] -- Up-to-date: /home/zheka/Fleet-Management-System/ros2_ws/install/action_interfaces/share/ament_index/resource_index/package_run_dependencies/action_interfaces
[0.439s] -- Up-to-date: /home/zheka/Fleet-Management-System/ros2_ws/install/action_interfaces/share/ament_index/resource_index/parent_prefix_path/action_interfaces
[0.439s] -- Up-to-date: /home/zheka/Fleet-Management-System/ros2_ws/install/action_interfaces/share/action_interfaces/environment/ament_prefix_path.sh
[0.439s] -- Up-to-date: /home/zheka/Fleet-Management-System/ros2_ws/install/action_interfaces/share/action_interfaces/environment/ament_prefix_path.dsv
[0.439s] -- Up-to-date: /home/zheka/Fleet-Management-System/ros2_ws/install/action_interfaces/share/action_interfaces/environment/path.sh
[0.440s] -- Up-to-date: /home/zheka/Fleet-Management-System/ros2_ws/install/action_interfaces/share/action_interfaces/environment/path.dsv
[0.440s] -- Up-to-date: /home/zheka/Fleet-Management-System/ros2_ws/install/action_interfaces/share/action_interfaces/local_setup.bash
[0.440s] -- Up-to-date: /home/zheka/Fleet-Management-System/ros2_ws/install/action_interfaces/share/action_interfaces/local_setup.sh
[0.440s] -- Up-to-date: /home/zheka/Fleet-Management-System/ros2_ws/install/action_interfaces/share/action_interfaces/local_setup.zsh
[0.440s] -- Up-to-date: /home/zheka/Fleet-Management-System/ros2_ws/install/action_interfaces/share/action_interfaces/local_setup.dsv
[0.440s] -- Installing: /home/zheka/Fleet-Management-System/ros2_ws/install/action_interfaces/share/action_interfaces/package.dsv
[0.441s] -- Up-to-date: /home/zheka/Fleet-Management-System/ros2_ws/install/action_interfaces/share/ament_index/resource_index/packages/action_interfaces
[0.441s] -- Up-to-date: /home/zheka/Fleet-Management-System/ros2_ws/install/action_interfaces/share/action_interfaces/cmake/export_action_interfaces__rosidl_generator_cExport.cmake
[0.441s] -- Up-to-date: /home/zheka/Fleet-Management-System/ros2_ws/install/action_interfaces/share/action_interfaces/cmake/export_action_interfaces__rosidl_generator_cExport-noconfig.cmake
[0.441s] -- Up-to-date: /home/zheka/Fleet-Management-System/ros2_ws/install/action_interfaces/share/action_interfaces/cmake/export_action_interfaces__rosidl_typesupport_fastrtps_cExport.cmake
[0.442s] -- Up-to-date: /home/zheka/Fleet-Management-System/ros2_ws/install/action_interfaces/share/action_interfaces/cmake/export_action_interfaces__rosidl_typesupport_fastrtps_cExport-noconfig.cmake
[0.442s] -- Up-to-date: /home/zheka/Fleet-Management-System/ros2_ws/install/action_interfaces/share/action_interfaces/cmake/action_interfaces__rosidl_typesupport_introspection_cExport.cmake
[0.442s] -- Up-to-date: /home/zheka/Fleet-Management-System/ros2_ws/install/action_interfaces/share/action_interfaces/cmake/action_interfaces__rosidl_typesupport_introspection_cExport-noconfig.cmake
[0.442s] -- Up-to-date: /home/zheka/Fleet-Management-System/ros2_ws/install/action_interfaces/share/action_interfaces/cmake/action_interfaces__rosidl_typesupport_cExport.cmake
[0.442s] -- Up-to-date: /home/zheka/Fleet-Management-System/ros2_ws/install/action_interfaces/share/action_interfaces/cmake/action_interfaces__rosidl_typesupport_cExport-noconfig.cmake
[0.442s] -- Up-to-date: /home/zheka/Fleet-Management-System/ros2_ws/install/action_interfaces/share/action_interfaces/cmake/export_action_interfaces__rosidl_generator_cppExport.cmake
[0.443s] -- Up-to-date: /home/zheka/Fleet-Management-System/ros2_ws/install/action_interfaces/share/action_interfaces/cmake/export_action_interfaces__rosidl_typesupport_fastrtps_cppExport.cmake
[0.443s] -- Up-to-date: /home/zheka/Fleet-Management-System/ros2_ws/install/action_interfaces/share/action_interfaces/cmake/export_action_interfaces__rosidl_typesupport_fastrtps_cppExport-noconfig.cmake
[0.443s] -- Up-to-date: /home/zheka/Fleet-Management-System/ros2_ws/install/action_interfaces/share/action_interfaces/cmake/action_interfaces__rosidl_typesupport_introspection_cppExport.cmake
[0.443s] -- Up-to-date: /home/zheka/Fleet-Management-System/ros2_ws/install/action_interfaces/share/action_interfaces/cmake/action_interfaces__rosidl_typesupport_introspection_cppExport-noconfig.cmake
[0.443s] -- Up-to-date: /home/zheka/Fleet-Management-System/ros2_ws/install/action_interfaces/share/action_interfaces/cmake/action_interfaces__rosidl_typesupport_cppExport.cmake
[0.444s] -- Up-to-date: /home/zheka/Fleet-Management-System/ros2_ws/install/action_interfaces/share/action_interfaces/cmake/action_interfaces__rosidl_typesupport_cppExport-noconfig.cmake
[0.444s] -- Up-to-date: /home/zheka/Fleet-Management-System/ros2_ws/install/action_interfaces/share/action_interfaces/cmake/export_action_interfaces__rosidl_generator_pyExport.cmake
[0.444s] -- Up-to-date: /home/zheka/Fleet-Management-System/ros2_ws/install/action_interfaces/share/action_interfaces/cmake/export_action_interfaces__rosidl_generator_pyExport-noconfig.cmake
[0.444s] -- Up-to-date: /home/zheka/Fleet-Management-System/ros2_ws/install/action_interfaces/share/action_interfaces/cmake/rosidl_cmake-extras.cmake
[0.444s] -- Up-to-date: /home/zheka/Fleet-Management-System/ros2_ws/install/action_interfaces/share/action_interfaces/cmake/ament_cmake_export_dependencies-extras.cmake
[0.444s] -- Up-to-date: /home/zheka/Fleet-Management-System/ros2_ws/install/action_interfaces/share/action_interfaces/cmake/ament_cmake_export_include_directories-extras.cmake
[0.445s] -- Up-to-date: /home/zheka/Fleet-Management-System/ros2_ws/install/action_interfaces/share/action_interfaces/cmake/ament_cmake_export_libraries-extras.cmake
[0.445s] -- Up-to-date: /home/zheka/Fleet-Management-System/ros2_ws/install/action_interfaces/share/action_interfaces/cmake/ament_cmake_export_targets-extras.cmake
[0.445s] -- Up-to-date: /home/zheka/Fleet-Management-System/ros2_ws/install/action_interfaces/share/action_interfaces/cmake/rosidl_cmake_export_typesupport_targets-extras.cmake
[0.445s] -- Up-to-date: /home/zheka/Fleet-Management-System/ros2_ws/install/action_interfaces/share/action_interfaces/cmake/rosidl_cmake_export_typesupport_libraries-extras.cmake
[0.445s] -- Up-to-date: /home/zheka/Fleet-Management-System/ros2_ws/install/action_interfaces/share/action_interfaces/cmake/action_interfacesConfig.cmake
[0.446s] -- Up-to-date: /home/zheka/Fleet-Management-System/ros2_ws/install/action_interfaces/share/action_interfaces/cmake/action_interfacesConfig-version.cmake
[0.446s] -- Up-to-date: /home/zheka/Fleet-Management-System/ros2_ws/install/action_interfaces/share/action_interfaces/package.xml
[0.449s] Invoked command in '/home/zheka/Fleet-Management-System/ros2_ws/build/action_interfaces' returned '0': CMAKE_PREFIX_PATH=/opt/ros/humble /usr/bin/cmake --install /home/zheka/Fleet-Management-System/ros2_ws/build/action_interfaces
