[0.041s] Invoking command in '/home/zheka/Fleet-Management-System/ros2_ws/build/action_interfaces': CMAKE_PREFIX_PATH=/opt/ros/humble /usr/bin/cmake --build /home/zheka/Fleet-Management-System/ros2_ws/build/action_interfaces -- -j4 -l4
[0.085s] [ 12%] Built target action_interfaces__cpp
[0.085s] [ 12%] Built target action_interfaces__rosidl_generator_c
[0.098s] [ 12%] Built target ament_cmake_python_copy_action_interfaces
[0.107s] [ 22%] Built target action_interfaces__rosidl_typesupport_introspection_c
[0.112s] [ 32%] Built target action_interfaces__rosidl_typesupport_fastrtps_c
[0.130s] [ 41%] Built target action_interfaces__rosidl_typesupport_c
[0.138s] [ 58%] Built target action_interfaces__rosidl_typesupport_fastrtps_cpp
[0.138s] [ 61%] Built target action_interfaces__rosidl_typesupport_introspection_cpp
[0.147s] [ 70%] Built target action_interfaces__rosidl_typesupport_cpp
[0.167s] [ 70%] Built target action_interfaces
[0.188s] [ 74%] Built target action_interfaces__py
[0.212s] [ 80%] Built target action_interfaces__rosidl_generator_py
[0.234s] [ 87%] Built target action_interfaces__rosidl_typesupport_c__pyext
[0.236s] [ 93%] Built target action_interfaces__rosidl_typesupport_introspection_c__pyext
[0.236s] [100%] Built target action_interfaces__rosidl_typesupport_fastrtps_c__pyext
[0.340s] running egg_info
[0.341s] writing action_interfaces.egg-info/PKG-INFO
[0.341s] writing dependency_links to action_interfaces.egg-info/dependency_links.txt
[0.341s] writing top-level names to action_interfaces.egg-info/top_level.txt
[0.343s] reading manifest file 'action_interfaces.egg-info/SOURCES.txt'
[0.344s] writing manifest file 'action_interfaces.egg-info/SOURCES.txt'
[0.366s] [100%] Built target ament_cmake_python_build_action_interfaces_egg
[0.378s] Invoked command in '/home/zheka/Fleet-Management-System/ros2_ws/build/action_interfaces' returned '0': CMAKE_PREFIX_PATH=/opt/ros/humble /usr/bin/cmake --build /home/zheka/Fleet-Management-System/ros2_ws/build/action_interfaces -- -j4 -l4
[0.443s] Invoking command in '/home/zheka/Fleet-Management-System/ros2_ws/build/action_interfaces': CMAKE_PREFIX_PATH=/opt/ros/humble /usr/bin/cmake --install /home/zheka/Fleet-Management-System/ros2_ws/build/action_interfaces
[0.450s] -- Install configuration: ""
[0.450s] -- Up-to-date: /home/zheka/Fleet-Management-System/ros2_ws/install/action_interfaces/share/ament_index/resource_index/rosidl_interfaces/action_interfaces
[0.450s] -- Up-to-date: /home/zheka/Fleet-Management-System/ros2_ws/install/action_interfaces/include/action_interfaces/action_interfaces
[0.450s] -- Up-to-date: /home/zheka/Fleet-Management-System/ros2_ws/install/action_interfaces/include/action_interfaces/action_interfaces/action
[0.450s] -- Up-to-date: /home/zheka/Fleet-Management-System/ros2_ws/install/action_interfaces/include/action_interfaces/action_interfaces/action/detail
[0.450s] -- Up-to-date: /home/zheka/Fleet-Management-System/ros2_ws/install/action_interfaces/include/action_interfaces/action_interfaces/action/detail/fleet_management__type_support.h
[0.450s] -- Up-to-date: /home/zheka/Fleet-Management-System/ros2_ws/install/action_interfaces/include/action_interfaces/action_interfaces/action/detail/fleet_management__functions.h
[0.450s] -- Up-to-date: /home/zheka/Fleet-Management-System/ros2_ws/install/action_interfaces/include/action_interfaces/action_interfaces/action/detail/fleet_management__struct.h
[0.450s] -- Up-to-date: /home/zheka/Fleet-Management-System/ros2_ws/install/action_interfaces/include/action_interfaces/action_interfaces/action/detail/fleet_management__functions.c
[0.450s] -- Up-to-date: /home/zheka/Fleet-Management-System/ros2_ws/install/action_interfaces/include/action_interfaces/action_interfaces/action/fleet_management.h
[0.450s] -- Up-to-date: /home/zheka/Fleet-Management-System/ros2_ws/install/action_interfaces/include/action_interfaces/action_interfaces/msg
[0.451s] -- Up-to-date: /home/zheka/Fleet-Management-System/ros2_ws/install/action_interfaces/include/action_interfaces/action_interfaces/msg/rosidl_generator_c__visibility_control.h
[0.451s] -- Up-to-date: /home/zheka/Fleet-Management-System/ros2_ws/install/action_interfaces/share/action_interfaces/environment/library_path.sh
[0.451s] -- Up-to-date: /home/zheka/Fleet-Management-System/ros2_ws/install/action_interfaces/share/action_interfaces/environment/library_path.dsv
[0.451s] -- Up-to-date: /home/zheka/Fleet-Management-System/ros2_ws/install/action_interfaces/lib/libaction_interfaces__rosidl_generator_c.so
[0.451s] -- Up-to-date: /home/zheka/Fleet-Management-System/ros2_ws/install/action_interfaces/include/action_interfaces/action_interfaces
[0.451s] -- Up-to-date: /home/zheka/Fleet-Management-System/ros2_ws/install/action_interfaces/include/action_interfaces/action_interfaces/action
[0.451s] -- Up-to-date: /home/zheka/Fleet-Management-System/ros2_ws/install/action_interfaces/include/action_interfaces/action_interfaces/action/detail
[0.451s] -- Up-to-date: /home/zheka/Fleet-Management-System/ros2_ws/install/action_interfaces/include/action_interfaces/action_interfaces/action/detail/fleet_management__rosidl_typesupport_fastrtps_c.h
[0.451s] -- Up-to-date: /home/zheka/Fleet-Management-System/ros2_ws/install/action_interfaces/include/action_interfaces/action_interfaces/msg
[0.451s] -- Up-to-date: /home/zheka/Fleet-Management-System/ros2_ws/install/action_interfaces/include/action_interfaces/action_interfaces/msg/rosidl_typesupport_fastrtps_c__visibility_control.h
[0.451s] -- Up-to-date: /home/zheka/Fleet-Management-System/ros2_ws/install/action_interfaces/lib/libaction_interfaces__rosidl_typesupport_fastrtps_c.so
[0.451s] -- Up-to-date: /home/zheka/Fleet-Management-System/ros2_ws/install/action_interfaces/include/action_interfaces/action_interfaces
[0.451s] -- Up-to-date: /home/zheka/Fleet-Management-System/ros2_ws/install/action_interfaces/include/action_interfaces/action_interfaces/action
[0.451s] -- Up-to-date: /home/zheka/Fleet-Management-System/ros2_ws/install/action_interfaces/include/action_interfaces/action_interfaces/action/detail
[0.451s] -- Up-to-date: /home/zheka/Fleet-Management-System/ros2_ws/install/action_interfaces/include/action_interfaces/action_interfaces/action/detail/fleet_management__type_support.c
[0.452s] -- Up-to-date: /home/zheka/Fleet-Management-System/ros2_ws/install/action_interfaces/include/action_interfaces/action_interfaces/action/detail/fleet_management__rosidl_typesupport_introspection_c.h
[0.452s] -- Up-to-date: /home/zheka/Fleet-Management-System/ros2_ws/install/action_interfaces/include/action_interfaces/action_interfaces/msg
[0.452s] -- Up-to-date: /home/zheka/Fleet-Management-System/ros2_ws/install/action_interfaces/include/action_interfaces/action_interfaces/msg/rosidl_typesupport_introspection_c__visibility_control.h
[0.452s] -- Up-to-date: /home/zheka/Fleet-Management-System/ros2_ws/install/action_interfaces/lib/libaction_interfaces__rosidl_typesupport_introspection_c.so
[0.452s] -- Up-to-date: /home/zheka/Fleet-Management-System/ros2_ws/install/action_interfaces/lib/libaction_interfaces__rosidl_typesupport_c.so
[0.452s] -- Up-to-date: /home/zheka/Fleet-Management-System/ros2_ws/install/action_interfaces/include/action_interfaces/action_interfaces
[0.452s] -- Up-to-date: /home/zheka/Fleet-Management-System/ros2_ws/install/action_interfaces/include/action_interfaces/action_interfaces/action
[0.452s] -- Up-to-date: /home/zheka/Fleet-Management-System/ros2_ws/install/action_interfaces/include/action_interfaces/action_interfaces/action/detail
[0.452s] -- Up-to-date: /home/zheka/Fleet-Management-System/ros2_ws/install/action_interfaces/include/action_interfaces/action_interfaces/action/detail/fleet_management__traits.hpp
[0.452s] -- Up-to-date: /home/zheka/Fleet-Management-System/ros2_ws/install/action_interfaces/include/action_interfaces/action_interfaces/action/detail/fleet_management__builder.hpp
[0.452s] -- Up-to-date: /home/zheka/Fleet-Management-System/ros2_ws/install/action_interfaces/include/action_interfaces/action_interfaces/action/detail/fleet_management__struct.hpp
[0.452s] -- Up-to-date: /home/zheka/Fleet-Management-System/ros2_ws/install/action_interfaces/include/action_interfaces/action_interfaces/action/fleet_management.hpp
[0.452s] -- Up-to-date: /home/zheka/Fleet-Management-System/ros2_ws/install/action_interfaces/include/action_interfaces/action_interfaces
[0.452s] -- Up-to-date: /home/zheka/Fleet-Management-System/ros2_ws/install/action_interfaces/include/action_interfaces/action_interfaces/action
[0.452s] -- Up-to-date: /home/zheka/Fleet-Management-System/ros2_ws/install/action_interfaces/include/action_interfaces/action_interfaces/action/detail
[0.452s] -- Up-to-date: /home/zheka/Fleet-Management-System/ros2_ws/install/action_interfaces/include/action_interfaces/action_interfaces/action/detail/fleet_management__rosidl_typesupport_fastrtps_cpp.hpp
[0.452s] -- Up-to-date: /home/zheka/Fleet-Management-System/ros2_ws/install/action_interfaces/include/action_interfaces/action_interfaces/action/detail/dds_fastrtps
[0.452s] -- Up-to-date: /home/zheka/Fleet-Management-System/ros2_ws/install/action_interfaces/include/action_interfaces/action_interfaces/msg
[0.452s] -- Up-to-date: /home/zheka/Fleet-Management-System/ros2_ws/install/action_interfaces/include/action_interfaces/action_interfaces/msg/rosidl_typesupport_fastrtps_cpp__visibility_control.h
[0.453s] -- Up-to-date: /home/zheka/Fleet-Management-System/ros2_ws/install/action_interfaces/lib/libaction_interfaces__rosidl_typesupport_fastrtps_cpp.so
[0.453s] -- Up-to-date: /home/zheka/Fleet-Management-System/ros2_ws/install/action_interfaces/include/action_interfaces/action_interfaces
[0.453s] -- Up-to-date: /home/zheka/Fleet-Management-System/ros2_ws/install/action_interfaces/include/action_interfaces/action_interfaces/action
[0.453s] -- Up-to-date: /home/zheka/Fleet-Management-System/ros2_ws/install/action_interfaces/include/action_interfaces/action_interfaces/action/detail
[0.453s] -- Up-to-date: /home/zheka/Fleet-Management-System/ros2_ws/install/action_interfaces/include/action_interfaces/action_interfaces/action/detail/fleet_management__type_support.cpp
[0.453s] -- Up-to-date: /home/zheka/Fleet-Management-System/ros2_ws/install/action_interfaces/include/action_interfaces/action_interfaces/action/detail/fleet_management__rosidl_typesupport_introspection_cpp.hpp
[0.453s] -- Up-to-date: /home/zheka/Fleet-Management-System/ros2_ws/install/action_interfaces/lib/libaction_interfaces__rosidl_typesupport_introspection_cpp.so
[0.453s] -- Up-to-date: /home/zheka/Fleet-Management-System/ros2_ws/install/action_interfaces/lib/libaction_interfaces__rosidl_typesupport_cpp.so
[0.453s] -- Up-to-date: /home/zheka/Fleet-Management-System/ros2_ws/install/action_interfaces/share/action_interfaces/environment/pythonpath.sh
[0.453s] -- Up-to-date: /home/zheka/Fleet-Management-System/ros2_ws/install/action_interfaces/share/action_interfaces/environment/pythonpath.dsv
[0.453s] -- Up-to-date: /home/zheka/Fleet-Management-System/ros2_ws/install/action_interfaces/local/lib/python3.10/dist-packages/action_interfaces-0.0.0-py3.10.egg-info
[0.453s] -- Installing: /home/zheka/Fleet-Management-System/ros2_ws/install/action_interfaces/local/lib/python3.10/dist-packages/action_interfaces-0.0.0-py3.10.egg-info/PKG-INFO
[0.454s] -- Installing: /home/zheka/Fleet-Management-System/ros2_ws/install/action_interfaces/local/lib/python3.10/dist-packages/action_interfaces-0.0.0-py3.10.egg-info/SOURCES.txt
[0.454s] -- Installing: /home/zheka/Fleet-Management-System/ros2_ws/install/action_interfaces/local/lib/python3.10/dist-packages/action_interfaces-0.0.0-py3.10.egg-info/top_level.txt
[0.454s] -- Installing: /home/zheka/Fleet-Management-System/ros2_ws/install/action_interfaces/local/lib/python3.10/dist-packages/action_interfaces-0.0.0-py3.10.egg-info/dependency_links.txt
[0.454s] -- Up-to-date: /home/zheka/Fleet-Management-System/ros2_ws/install/action_interfaces/local/lib/python3.10/dist-packages/action_interfaces
[0.454s] -- Up-to-date: /home/zheka/Fleet-Management-System/ros2_ws/install/action_interfaces/local/lib/python3.10/dist-packages/action_interfaces/__init__.py
[0.454s] -- Up-to-date: /home/zheka/Fleet-Management-System/ros2_ws/install/action_interfaces/local/lib/python3.10/dist-packages/action_interfaces/libaction_interfaces__rosidl_generator_py.so
[0.454s] -- Up-to-date: /home/zheka/Fleet-Management-System/ros2_ws/install/action_interfaces/local/lib/python3.10/dist-packages/action_interfaces/_action_interfaces_s.ep.rosidl_typesupport_fastrtps_c.c
[0.454s] -- Up-to-date: /home/zheka/Fleet-Management-System/ros2_ws/install/action_interfaces/local/lib/python3.10/dist-packages/action_interfaces/action
[0.454s] -- Up-to-date: /home/zheka/Fleet-Management-System/ros2_ws/install/action_interfaces/local/lib/python3.10/dist-packages/action_interfaces/action/__init__.py
[0.454s] -- Up-to-date: /home/zheka/Fleet-Management-System/ros2_ws/install/action_interfaces/local/lib/python3.10/dist-packages/action_interfaces/action/_fleet_management.py
[0.454s] -- Up-to-date: /home/zheka/Fleet-Management-System/ros2_ws/install/action_interfaces/local/lib/python3.10/dist-packages/action_interfaces/action/_fleet_management_s.c
[0.454s] -- Up-to-date: /home/zheka/Fleet-Management-System/ros2_ws/install/action_interfaces/local/lib/python3.10/dist-packages/action_interfaces/_action_interfaces_s.ep.rosidl_typesupport_introspection_c.c
[0.454s] -- Up-to-date: /home/zheka/Fleet-Management-System/ros2_ws/install/action_interfaces/local/lib/python3.10/dist-packages/action_interfaces/action_interfaces_s__rosidl_typesupport_introspection_c.cpython-310-x86_64-linux-gnu.so
[0.454s] -- Up-to-date: /home/zheka/Fleet-Management-System/ros2_ws/install/action_interfaces/local/lib/python3.10/dist-packages/action_interfaces/action_interfaces_s__rosidl_typesupport_fastrtps_c.cpython-310-x86_64-linux-gnu.so
[0.454s] -- Up-to-date: /home/zheka/Fleet-Management-System/ros2_ws/install/action_interfaces/local/lib/python3.10/dist-packages/action_interfaces/action_interfaces_s__rosidl_typesupport_c.cpython-310-x86_64-linux-gnu.so
[0.454s] -- Up-to-date: /home/zheka/Fleet-Management-System/ros2_ws/install/action_interfaces/local/lib/python3.10/dist-packages/action_interfaces/_action_interfaces_s.ep.rosidl_typesupport_c.c
[0.478s] Listing '/home/zheka/Fleet-Management-System/ros2_ws/install/action_interfaces/local/lib/python3.10/dist-packages/action_interfaces'...
[0.478s] Listing '/home/zheka/Fleet-Management-System/ros2_ws/install/action_interfaces/local/lib/python3.10/dist-packages/action_interfaces/action'...
[0.482s] -- Up-to-date: /home/zheka/Fleet-Management-System/ros2_ws/install/action_interfaces/local/lib/python3.10/dist-packages/action_interfaces/action_interfaces_s__rosidl_typesupport_fastrtps_c.cpython-310-x86_64-linux-gnu.so
[0.482s] -- Up-to-date: /home/zheka/Fleet-Management-System/ros2_ws/install/action_interfaces/local/lib/python3.10/dist-packages/action_interfaces/action_interfaces_s__rosidl_typesupport_introspection_c.cpython-310-x86_64-linux-gnu.so
[0.483s] -- Up-to-date: /home/zheka/Fleet-Management-System/ros2_ws/install/action_interfaces/local/lib/python3.10/dist-packages/action_interfaces/action_interfaces_s__rosidl_typesupport_c.cpython-310-x86_64-linux-gnu.so
[0.483s] -- Up-to-date: /home/zheka/Fleet-Management-System/ros2_ws/install/action_interfaces/lib/libaction_interfaces__rosidl_generator_py.so
[0.483s] -- Up-to-date: /home/zheka/Fleet-Management-System/ros2_ws/install/action_interfaces/share/action_interfaces/action/FleetManagement.idl
[0.483s] -- Up-to-date: /home/zheka/Fleet-Management-System/ros2_ws/install/action_interfaces/share/action_interfaces/action/FleetManagement.action
[0.483s] -- Up-to-date: /home/zheka/Fleet-Management-System/ros2_ws/install/action_interfaces/share/ament_index/resource_index/package_run_dependencies/action_interfaces
[0.483s] -- Up-to-date: /home/zheka/Fleet-Management-System/ros2_ws/install/action_interfaces/share/ament_index/resource_index/parent_prefix_path/action_interfaces
[0.483s] -- Up-to-date: /home/zheka/Fleet-Management-System/ros2_ws/install/action_interfaces/share/action_interfaces/environment/ament_prefix_path.sh
[0.483s] -- Up-to-date: /home/zheka/Fleet-Management-System/ros2_ws/install/action_interfaces/share/action_interfaces/environment/ament_prefix_path.dsv
[0.483s] -- Up-to-date: /home/zheka/Fleet-Management-System/ros2_ws/install/action_interfaces/share/action_interfaces/environment/path.sh
[0.483s] -- Up-to-date: /home/zheka/Fleet-Management-System/ros2_ws/install/action_interfaces/share/action_interfaces/environment/path.dsv
[0.483s] -- Up-to-date: /home/zheka/Fleet-Management-System/ros2_ws/install/action_interfaces/share/action_interfaces/local_setup.bash
[0.484s] -- Up-to-date: /home/zheka/Fleet-Management-System/ros2_ws/install/action_interfaces/share/action_interfaces/local_setup.sh
[0.484s] -- Up-to-date: /home/zheka/Fleet-Management-System/ros2_ws/install/action_interfaces/share/action_interfaces/local_setup.zsh
[0.484s] -- Up-to-date: /home/zheka/Fleet-Management-System/ros2_ws/install/action_interfaces/share/action_interfaces/local_setup.dsv
[0.484s] -- Installing: /home/zheka/Fleet-Management-System/ros2_ws/install/action_interfaces/share/action_interfaces/package.dsv
[0.484s] -- Up-to-date: /home/zheka/Fleet-Management-System/ros2_ws/install/action_interfaces/share/ament_index/resource_index/packages/action_interfaces
[0.484s] -- Up-to-date: /home/zheka/Fleet-Management-System/ros2_ws/install/action_interfaces/share/action_interfaces/cmake/export_action_interfaces__rosidl_generator_cExport.cmake
[0.484s] -- Up-to-date: /home/zheka/Fleet-Management-System/ros2_ws/install/action_interfaces/share/action_interfaces/cmake/export_action_interfaces__rosidl_generator_cExport-noconfig.cmake
[0.484s] -- Up-to-date: /home/zheka/Fleet-Management-System/ros2_ws/install/action_interfaces/share/action_interfaces/cmake/export_action_interfaces__rosidl_typesupport_fastrtps_cExport.cmake
[0.484s] -- Up-to-date: /home/zheka/Fleet-Management-System/ros2_ws/install/action_interfaces/share/action_interfaces/cmake/export_action_interfaces__rosidl_typesupport_fastrtps_cExport-noconfig.cmake
[0.484s] -- Up-to-date: /home/zheka/Fleet-Management-System/ros2_ws/install/action_interfaces/share/action_interfaces/cmake/action_interfaces__rosidl_typesupport_introspection_cExport.cmake
[0.484s] -- Up-to-date: /home/zheka/Fleet-Management-System/ros2_ws/install/action_interfaces/share/action_interfaces/cmake/action_interfaces__rosidl_typesupport_introspection_cExport-noconfig.cmake
[0.484s] -- Up-to-date: /home/zheka/Fleet-Management-System/ros2_ws/install/action_interfaces/share/action_interfaces/cmake/action_interfaces__rosidl_typesupport_cExport.cmake
[0.484s] -- Up-to-date: /home/zheka/Fleet-Management-System/ros2_ws/install/action_interfaces/share/action_interfaces/cmake/action_interfaces__rosidl_typesupport_cExport-noconfig.cmake
[0.484s] -- Up-to-date: /home/zheka/Fleet-Management-System/ros2_ws/install/action_interfaces/share/action_interfaces/cmake/export_action_interfaces__rosidl_generator_cppExport.cmake
[0.484s] -- Up-to-date: /home/zheka/Fleet-Management-System/ros2_ws/install/action_interfaces/share/action_interfaces/cmake/export_action_interfaces__rosidl_typesupport_fastrtps_cppExport.cmake
[0.484s] -- Up-to-date: /home/zheka/Fleet-Management-System/ros2_ws/install/action_interfaces/share/action_interfaces/cmake/export_action_interfaces__rosidl_typesupport_fastrtps_cppExport-noconfig.cmake
[0.485s] -- Up-to-date: /home/zheka/Fleet-Management-System/ros2_ws/install/action_interfaces/share/action_interfaces/cmake/action_interfaces__rosidl_typesupport_introspection_cppExport.cmake
[0.485s] -- Up-to-date: /home/zheka/Fleet-Management-System/ros2_ws/install/action_interfaces/share/action_interfaces/cmake/action_interfaces__rosidl_typesupport_introspection_cppExport-noconfig.cmake
[0.485s] -- Up-to-date: /home/zheka/Fleet-Management-System/ros2_ws/install/action_interfaces/share/action_interfaces/cmake/action_interfaces__rosidl_typesupport_cppExport.cmake
[0.485s] -- Up-to-date: /home/zheka/Fleet-Management-System/ros2_ws/install/action_interfaces/share/action_interfaces/cmake/action_interfaces__rosidl_typesupport_cppExport-noconfig.cmake
[0.485s] -- Up-to-date: /home/zheka/Fleet-Management-System/ros2_ws/install/action_interfaces/share/action_interfaces/cmake/export_action_interfaces__rosidl_generator_pyExport.cmake
[0.485s] -- Up-to-date: /home/zheka/Fleet-Management-System/ros2_ws/install/action_interfaces/share/action_interfaces/cmake/export_action_interfaces__rosidl_generator_pyExport-noconfig.cmake
[0.485s] -- Up-to-date: /home/zheka/Fleet-Management-System/ros2_ws/install/action_interfaces/share/action_interfaces/cmake/rosidl_cmake-extras.cmake
[0.485s] -- Up-to-date: /home/zheka/Fleet-Management-System/ros2_ws/install/action_interfaces/share/action_interfaces/cmake/ament_cmake_export_dependencies-extras.cmake
[0.485s] -- Up-to-date: /home/zheka/Fleet-Management-System/ros2_ws/install/action_interfaces/share/action_interfaces/cmake/ament_cmake_export_include_directories-extras.cmake
[0.485s] -- Up-to-date: /home/zheka/Fleet-Management-System/ros2_ws/install/action_interfaces/share/action_interfaces/cmake/ament_cmake_export_libraries-extras.cmake
[0.485s] -- Up-to-date: /home/zheka/Fleet-Management-System/ros2_ws/install/action_interfaces/share/action_interfaces/cmake/ament_cmake_export_targets-extras.cmake
[0.485s] -- Up-to-date: /home/zheka/Fleet-Management-System/ros2_ws/install/action_interfaces/share/action_interfaces/cmake/rosidl_cmake_export_typesupport_targets-extras.cmake
[0.485s] -- Up-to-date: /home/zheka/Fleet-Management-System/ros2_ws/install/action_interfaces/share/action_interfaces/cmake/rosidl_cmake_export_typesupport_libraries-extras.cmake
[0.485s] -- Up-to-date: /home/zheka/Fleet-Management-System/ros2_ws/install/action_interfaces/share/action_interfaces/cmake/action_interfacesConfig.cmake
[0.485s] -- Up-to-date: /home/zheka/Fleet-Management-System/ros2_ws/install/action_interfaces/share/action_interfaces/cmake/action_interfacesConfig-version.cmake
[0.485s] -- Up-to-date: /home/zheka/Fleet-Management-System/ros2_ws/install/action_interfaces/share/action_interfaces/package.xml
[0.489s] Invoked command in '/home/zheka/Fleet-Management-System/ros2_ws/build/action_interfaces' returned '0': CMAKE_PREFIX_PATH=/opt/ros/humble /usr/bin/cmake --install /home/zheka/Fleet-Management-System/ros2_ws/build/action_interfaces
