[0.486s] Invoking command in '/home/zheka/Fleet-Management-System/ros2_ws/src/fleet_management': PYTHONPATH=/home/zheka/Fleet-Management-System/ros2_ws/build/fleet_management/prefix_override:/home/zheka/Fleet-Management-System/ros2_ws/install/fleet_management/lib/python3.10/site-packages:${PYTHONPATH} /usr/bin/python3 setup.py egg_info --egg-base ../../build/fleet_management build --build-base /home/zheka/Fleet-Management-System/ros2_ws/build/fleet_management/build install --record /home/zheka/Fleet-Management-System/ros2_ws/build/fleet_management/install.log --single-version-externally-managed
[0.660s] running egg_info
[0.660s] writing ../../build/fleet_management/fleet_management.egg-info/PKG-INFO
[0.661s] writing dependency_links to ../../build/fleet_management/fleet_management.egg-info/dependency_links.txt
[0.661s] writing entry points to ../../build/fleet_management/fleet_management.egg-info/entry_points.txt
[0.661s] writing requirements to ../../build/fleet_management/fleet_management.egg-info/requires.txt
[0.662s] writing top-level names to ../../build/fleet_management/fleet_management.egg-info/top_level.txt
[0.663s] reading manifest file '../../build/fleet_management/fleet_management.egg-info/SOURCES.txt'
[0.664s] writing manifest file '../../build/fleet_management/fleet_management.egg-info/SOURCES.txt'
[0.664s] running build
[0.664s] running build_py
[0.665s] copying fleet_management/fleet_management_cli.py -> /home/zheka/Fleet-Management-System/ros2_ws/build/fleet_management/build/lib/fleet_management
[0.665s] running install
[0.666s] /usr/lib/python3/dist-packages/setuptools/command/install.py:34: SetuptoolsDeprecationWarning: setup.py install is deprecated. Use build and pip and other standards-based tools.
[0.666s]   warnings.warn(
[0.666s] running install_lib
[0.666s] copying /home/zheka/Fleet-Management-System/ros2_ws/build/fleet_management/build/lib/fleet_management/fleet_management_cli.py -> /home/zheka/Fleet-Management-System/ros2_ws/install/fleet_management/lib/python3.10/site-packages/fleet_management
[0.667s] byte-compiling /home/zheka/Fleet-Management-System/ros2_ws/install/fleet_management/lib/python3.10/site-packages/fleet_management/fleet_management_cli.py to fleet_management_cli.cpython-310.pyc
[0.667s] running install_data
[0.667s] running install_egg_info
[0.668s] removing '/home/zheka/Fleet-Management-System/ros2_ws/install/fleet_management/lib/python3.10/site-packages/fleet_management-0.0.0-py3.10.egg-info' (and everything under it)
[0.669s] Copying ../../build/fleet_management/fleet_management.egg-info to /home/zheka/Fleet-Management-System/ros2_ws/install/fleet_management/lib/python3.10/site-packages/fleet_management-0.0.0-py3.10.egg-info
[0.669s] running install_scripts
[0.686s] Installing client script to /home/zheka/Fleet-Management-System/ros2_ws/install/fleet_management/lib/fleet_management
[0.686s] Installing server script to /home/zheka/Fleet-Management-System/ros2_ws/install/fleet_management/lib/fleet_management
[0.686s] writing list of installed files to '/home/zheka/Fleet-Management-System/ros2_ws/build/fleet_management/install.log'
[0.705s] Invoked command in '/home/zheka/Fleet-Management-System/ros2_ws/src/fleet_management' returned '0': PYTHONPATH=/home/zheka/Fleet-Management-System/ros2_ws/build/fleet_management/prefix_override:/home/zheka/Fleet-Management-System/ros2_ws/install/fleet_management/lib/python3.10/site-packages:${PYTHONPATH} /usr/bin/python3 setup.py egg_info --egg-base ../../build/fleet_management build --build-base /home/zheka/Fleet-Management-System/ros2_ws/build/fleet_management/build install --record /home/zheka/Fleet-Management-System/ros2_ws/build/fleet_management/install.log --single-version-externally-managed
