[0.581s] Invoking command in '/home/zheka/Fleet-Management-System/ros2_ws/src/fleet_management': AMENT_PREFIX_PATH=/home/zheka/Fleet-Management-System/ros2_ws/install/action_interfaces:${AMENT_PREFIX_PATH} CMAKE_PREFIX_PATH=/home/zheka/Fleet-Management-System/ros2_ws/install/action_interfaces LD_LIBRARY_PATH=/home/zheka/Fleet-Management-System/ros2_ws/install/action_interfaces/lib:${LD_LIBRARY_PATH} PYTHONPATH=/home/zheka/Fleet-Management-System/ros2_ws/build/fleet_management/prefix_override:/home/zheka/Fleet-Management-System/ros2_ws/install/fleet_management/lib/python3.10/site-packages:/home/zheka/Fleet-Management-System/ros2_ws/install/action_interfaces/local/lib/python3.10/dist-packages:${PYTHONPATH} /usr/bin/python3 setup.py egg_info --egg-base ../../build/fleet_management build --build-base /home/zheka/Fleet-Management-System/ros2_ws/build/fleet_management/build install --record /home/zheka/Fleet-Management-System/ros2_ws/build/fleet_management/install.log --single-version-externally-managed
[0.760s] running egg_info
[0.760s] writing ../../build/fleet_management/fleet_management.egg-info/PKG-INFO
[0.761s] writing dependency_links to ../../build/fleet_management/fleet_management.egg-info/dependency_links.txt
[0.761s] writing entry points to ../../build/fleet_management/fleet_management.egg-info/entry_points.txt
[0.761s] writing requirements to ../../build/fleet_management/fleet_management.egg-info/requires.txt
[0.761s] writing top-level names to ../../build/fleet_management/fleet_management.egg-info/top_level.txt
[0.763s] reading manifest file '../../build/fleet_management/fleet_management.egg-info/SOURCES.txt'
[0.764s] writing manifest file '../../build/fleet_management/fleet_management.egg-info/SOURCES.txt'
[0.764s] running build
[0.764s] running build_py
[0.764s] running install
[0.765s] /usr/lib/python3/dist-packages/setuptools/command/install.py:34: SetuptoolsDeprecationWarning: setup.py install is deprecated. Use build and pip and other standards-based tools.
[0.765s]   warnings.warn(
[0.765s] running install_lib
[0.766s] running install_data
[0.766s] copying package.xml -> /home/zheka/Fleet-Management-System/ros2_ws/install/fleet_management/share/fleet_management
[0.766s] running install_egg_info
[0.768s] removing '/home/zheka/Fleet-Management-System/ros2_ws/install/fleet_management/lib/python3.10/site-packages/fleet_management-0.0.0-py3.10.egg-info' (and everything under it)
[0.768s] Copying ../../build/fleet_management/fleet_management.egg-info to /home/zheka/Fleet-Management-System/ros2_ws/install/fleet_management/lib/python3.10/site-packages/fleet_management-0.0.0-py3.10.egg-info
[0.769s] running install_scripts
[0.786s] Installing client script to /home/zheka/Fleet-Management-System/ros2_ws/install/fleet_management/lib/fleet_management
[0.786s] Installing server script to /home/zheka/Fleet-Management-System/ros2_ws/install/fleet_management/lib/fleet_management
[0.787s] writing list of installed files to '/home/zheka/Fleet-Management-System/ros2_ws/build/fleet_management/install.log'
[0.809s] Invoked command in '/home/zheka/Fleet-Management-System/ros2_ws/src/fleet_management' returned '0': AMENT_PREFIX_PATH=/home/zheka/Fleet-Management-System/ros2_ws/install/action_interfaces:${AMENT_PREFIX_PATH} CMAKE_PREFIX_PATH=/home/zheka/Fleet-Management-System/ros2_ws/install/action_interfaces LD_LIBRARY_PATH=/home/zheka/Fleet-Management-System/ros2_ws/install/action_interfaces/lib:${LD_LIBRARY_PATH} PYTHONPATH=/home/zheka/Fleet-Management-System/ros2_ws/build/fleet_management/prefix_override:/home/zheka/Fleet-Management-System/ros2_ws/install/fleet_management/lib/python3.10/site-packages:/home/zheka/Fleet-Management-System/ros2_ws/install/action_interfaces/local/lib/python3.10/dist-packages:${PYTHONPATH} /usr/bin/python3 setup.py egg_info --egg-base ../../build/fleet_management build --build-base /home/zheka/Fleet-Management-System/ros2_ws/build/fleet_management/build install --record /home/zheka/Fleet-Management-System/ros2_ws/build/fleet_management/install.log --single-version-externally-managed
