[0.554s] Invoking command in '/home/zheka/Fleet-Management-System/ros2_ws/src/fleet_management': PYTHONPATH=/home/zheka/Fleet-Management-System/ros2_ws/build/fleet_management/prefix_override:/home/zheka/Fleet-Management-System/ros2_ws/install/fleet_management/lib/python3.10/site-packages:${PYTHONPATH} /usr/bin/python3 setup.py egg_info --egg-base ../../build/fleet_management build --build-base /home/zheka/Fleet-Management-System/ros2_ws/build/fleet_management/build install --record /home/zheka/Fleet-Management-System/ros2_ws/build/fleet_management/install.log --single-version-externally-managed
[0.722s] running egg_info
[0.723s] creating ../../build/fleet_management/fleet_management.egg-info
[0.723s] writing ../../build/fleet_management/fleet_management.egg-info/PKG-INFO
[0.723s] writing dependency_links to ../../build/fleet_management/fleet_management.egg-info/dependency_links.txt
[0.723s] writing entry points to ../../build/fleet_management/fleet_management.egg-info/entry_points.txt
[0.723s] writing requirements to ../../build/fleet_management/fleet_management.egg-info/requires.txt
[0.723s] writing top-level names to ../../build/fleet_management/fleet_management.egg-info/top_level.txt
[0.723s] writing manifest file '../../build/fleet_management/fleet_management.egg-info/SOURCES.txt'
[0.725s] reading manifest file '../../build/fleet_management/fleet_management.egg-info/SOURCES.txt'
[0.725s] writing manifest file '../../build/fleet_management/fleet_management.egg-info/SOURCES.txt'
[0.725s] running build
[0.726s] running build_py
[0.726s] creating /home/zheka/Fleet-Management-System/ros2_ws/build/fleet_management/build
[0.726s] creating /home/zheka/Fleet-Management-System/ros2_ws/build/fleet_management/build/lib
[0.726s] creating /home/zheka/Fleet-Management-System/ros2_ws/build/fleet_management/build/lib/fleet_management
[0.726s] copying fleet_management/__init__.py -> /home/zheka/Fleet-Management-System/ros2_ws/build/fleet_management/build/lib/fleet_management
[0.726s] copying fleet_management/fleet_management_client_cli.py -> /home/zheka/Fleet-Management-System/ros2_ws/build/fleet_management/build/lib/fleet_management
[0.726s] copying fleet_management/fleet_management_cli.py -> /home/zheka/Fleet-Management-System/ros2_ws/build/fleet_management/build/lib/fleet_management
[0.726s] copying fleet_management/fleet_management_server_cli.py -> /home/zheka/Fleet-Management-System/ros2_ws/build/fleet_management/build/lib/fleet_management
[0.726s] running install
[0.727s] /usr/lib/python3/dist-packages/setuptools/command/install.py:34: SetuptoolsDeprecationWarning: setup.py install is deprecated. Use build and pip and other standards-based tools.
[0.727s]   warnings.warn(
[0.727s] running install_lib
[0.728s] creating /home/zheka/Fleet-Management-System/ros2_ws/install/fleet_management/lib/python3.10/site-packages/fleet_management
[0.729s] copying /home/zheka/Fleet-Management-System/ros2_ws/build/fleet_management/build/lib/fleet_management/__init__.py -> /home/zheka/Fleet-Management-System/ros2_ws/install/fleet_management/lib/python3.10/site-packages/fleet_management
[0.729s] copying /home/zheka/Fleet-Management-System/ros2_ws/build/fleet_management/build/lib/fleet_management/fleet_management_client_cli.py -> /home/zheka/Fleet-Management-System/ros2_ws/install/fleet_management/lib/python3.10/site-packages/fleet_management
[0.729s] copying /home/zheka/Fleet-Management-System/ros2_ws/build/fleet_management/build/lib/fleet_management/fleet_management_cli.py -> /home/zheka/Fleet-Management-System/ros2_ws/install/fleet_management/lib/python3.10/site-packages/fleet_management
[0.729s] copying /home/zheka/Fleet-Management-System/ros2_ws/build/fleet_management/build/lib/fleet_management/fleet_management_server_cli.py -> /home/zheka/Fleet-Management-System/ros2_ws/install/fleet_management/lib/python3.10/site-packages/fleet_management
[0.729s] byte-compiling /home/zheka/Fleet-Management-System/ros2_ws/install/fleet_management/lib/python3.10/site-packages/fleet_management/__init__.py to __init__.cpython-310.pyc
[0.729s] byte-compiling /home/zheka/Fleet-Management-System/ros2_ws/install/fleet_management/lib/python3.10/site-packages/fleet_management/fleet_management_client_cli.py to fleet_management_client_cli.cpython-310.pyc
[0.729s] byte-compiling /home/zheka/Fleet-Management-System/ros2_ws/install/fleet_management/lib/python3.10/site-packages/fleet_management/fleet_management_cli.py to fleet_management_cli.cpython-310.pyc
[0.729s] byte-compiling /home/zheka/Fleet-Management-System/ros2_ws/install/fleet_management/lib/python3.10/site-packages/fleet_management/fleet_management_server_cli.py to fleet_management_server_cli.cpython-310.pyc
[0.729s] running install_data
[0.730s] creating /home/zheka/Fleet-Management-System/ros2_ws/install/fleet_management/share/ament_index
[0.730s] creating /home/zheka/Fleet-Management-System/ros2_ws/install/fleet_management/share/ament_index/resource_index
[0.730s] creating /home/zheka/Fleet-Management-System/ros2_ws/install/fleet_management/share/ament_index/resource_index/packages
[0.730s] copying resource/fleet_management -> /home/zheka/Fleet-Management-System/ros2_ws/install/fleet_management/share/ament_index/resource_index/packages
[0.730s] copying package.xml -> /home/zheka/Fleet-Management-System/ros2_ws/install/fleet_management/share/fleet_management
[0.730s] running install_egg_info
[0.732s] Copying ../../build/fleet_management/fleet_management.egg-info to /home/zheka/Fleet-Management-System/ros2_ws/install/fleet_management/lib/python3.10/site-packages/fleet_management-0.0.0-py3.10.egg-info
[0.732s] running install_scripts
[0.749s] Installing fleet_management_server = fleet_management_server_cli.pyfleet_management_client script to /home/zheka/Fleet-Management-System/ros2_ws/install/fleet_management/lib/fleet_management
[0.749s] writing list of installed files to '/home/zheka/Fleet-Management-System/ros2_ws/build/fleet_management/install.log'
[0.766s] Invoked command in '/home/zheka/Fleet-Management-System/ros2_ws/src/fleet_management' returned '0': PYTHONPATH=/home/zheka/Fleet-Management-System/ros2_ws/build/fleet_management/prefix_override:/home/zheka/Fleet-Management-System/ros2_ws/install/fleet_management/lib/python3.10/site-packages:${PYTHONPATH} /usr/bin/python3 setup.py egg_info --egg-base ../../build/fleet_management build --build-base /home/zheka/Fleet-Management-System/ros2_ws/build/fleet_management/build install --record /home/zheka/Fleet-Management-System/ros2_ws/build/fleet_management/install.log --single-version-externally-managed
