/home/zheka/Fleet-Management-System/ros2_ws/install/fleet_management/lib/python3.10/site-packages/fleet_management/__init__.py
/home/zheka/Fleet-Management-System/ros2_ws/install/fleet_management/lib/python3.10/site-packages/fleet_management/fleet_management_client_cli.py
/home/zheka/Fleet-Management-System/ros2_ws/install/fleet_management/lib/python3.10/site-packages/fleet_management/fleet_management_cli.py
/home/zheka/Fleet-Management-System/ros2_ws/install/fleet_management/lib/python3.10/site-packages/fleet_management/fleet_management_server_cli.py
/home/zheka/Fleet-Management-System/ros2_ws/install/fleet_management/lib/python3.10/site-packages/fleet_management/__pycache__/__init__.cpython-310.pyc
/home/zheka/Fleet-Management-System/ros2_ws/install/fleet_management/lib/python3.10/site-packages/fleet_management/__pycache__/fleet_management_client_cli.cpython-310.pyc
/home/zheka/Fleet-Management-System/ros2_ws/install/fleet_management/lib/python3.10/site-packages/fleet_management/__pycache__/fleet_management_cli.cpython-310.pyc
/home/zheka/Fleet-Management-System/ros2_ws/install/fleet_management/lib/python3.10/site-packages/fleet_management/__pycache__/fleet_management_server_cli.cpython-310.pyc
/home/zheka/Fleet-Management-System/ros2_ws/install/fleet_management/share/ament_index/resource_index/packages/fleet_management
/home/zheka/Fleet-Management-System/ros2_ws/install/fleet_management/share/fleet_management/package.xml
/home/zheka/Fleet-Management-System/ros2_ws/install/fleet_management/share/fleet_management/launch/server_launch.py
/home/zheka/Fleet-Management-System/ros2_ws/install/fleet_management/share/fleet_management/launch/client_launch.py
/home/zheka/Fleet-Management-System/ros2_ws/install/fleet_management/lib/python3.10/site-packages/fleet_management-0.0.0-py3.10.egg-info/PKG-INFO
/home/zheka/Fleet-Management-System/ros2_ws/install/fleet_management/lib/python3.10/site-packages/fleet_management-0.0.0-py3.10.egg-info/SOURCES.txt
/home/zheka/Fleet-Management-System/ros2_ws/install/fleet_management/lib/python3.10/site-packages/fleet_management-0.0.0-py3.10.egg-info/zip-safe
/home/zheka/Fleet-Management-System/ros2_ws/install/fleet_management/lib/python3.10/site-packages/fleet_management-0.0.0-py3.10.egg-info/entry_points.txt
/home/zheka/Fleet-Management-System/ros2_ws/install/fleet_management/lib/python3.10/site-packages/fleet_management-0.0.0-py3.10.egg-info/requires.txt
/home/zheka/Fleet-Management-System/ros2_ws/install/fleet_management/lib/python3.10/site-packages/fleet_management-0.0.0-py3.10.egg-info/top_level.txt
/home/zheka/Fleet-Management-System/ros2_ws/install/fleet_management/lib/python3.10/site-packages/fleet_management-0.0.0-py3.10.egg-info/dependency_links.txt
/home/zheka/Fleet-Management-System/ros2_ws/install/fleet_management/lib/fleet_management/client
/home/zheka/Fleet-Management-System/ros2_ws/install/fleet_management/lib/fleet_management/server
